2020-10-23 12:56:02,816 DEBUG [Forwarding newSession on session null to remote] RequestAddCookies:123 - CookieSpec selected: default
2020-10-23 12:56:02,837 DEBUG [Forwarding newSession on session null to remote] RequestAuthCache:77 - Auth cache not set in the context
2020-10-23 12:56:02,840 DEBUG [Forwarding newSession on session null to remote] PoolingHttpClientConnectionManager:255 - Connection request: [route: {}->http://localhost:26397][total kept alive: 0; route allocated: 0 of 2000; total allocated: 0 of 2000]
2020-10-23 12:56:02,862 DEBUG [Forwarding newSession on session null to remote] PoolingHttpClientConnectionManager:288 - Connection leased: [id: 0][route: {}->http://localhost:26397][total kept alive: 0; route allocated: 1 of 2000; total allocated: 1 of 2000]
2020-10-23 12:56:02,864 DEBUG [Forwarding newSession on session null to remote] MainClientExec:235 - Opening connection {}->http://localhost:26397
2020-10-23 12:56:02,866 DEBUG [Forwarding newSession on session null to remote] DefaultHttpClientConnectionOperator:139 - Connecting to localhost/127.0.0.1:26397
2020-10-23 12:56:02,868 DEBUG [Forwarding newSession on session null to remote] DefaultHttpClientConnectionOperator:146 - Connection established 127.0.0.1:51489<->127.0.0.1:26397
2020-10-23 12:56:02,868 DEBUG [Forwarding newSession on session null to remote] DefaultManagedHttpClientConnection:88 - http-outgoing-0: set socket timeout to 10800000
2020-10-23 12:56:02,868 DEBUG [Forwarding newSession on session null to remote] MainClientExec:256 - Executing request POST /session HTTP/1.1
2020-10-23 12:56:02,869 DEBUG [Forwarding newSession on session null to remote] MainClientExec:261 - Target auth state: UNCHALLENGED
2020-10-23 12:56:02,869 DEBUG [Forwarding newSession on session null to remote] MainClientExec:267 - Proxy auth state: UNCHALLENGED
2020-10-23 12:56:02,871 DEBUG [Forwarding newSession on session null to remote] headers:133 - http-outgoing-0 >> POST /session HTTP/1.1
2020-10-23 12:56:02,872 DEBUG [Forwarding newSession on session null to remote] headers:136 - http-outgoing-0 >> Content-Type: application/json; charset=utf-8
2020-10-23 12:56:02,872 DEBUG [Forwarding newSession on session null to remote] headers:136 - http-outgoing-0 >> Content-Length: 550
2020-10-23 12:56:02,872 DEBUG [Forwarding newSession on session null to remote] headers:136 - http-outgoing-0 >> Host: localhost:26397
2020-10-23 12:56:02,873 DEBUG [Forwarding newSession on session null to remote] headers:136 - http-outgoing-0 >> Connection: Keep-Alive
2020-10-23 12:56:02,875 DEBUG [Forwarding newSession on session null to remote] headers:136 - http-outgoing-0 >> User-Agent: Apache-HttpClient/4.5.3 (Java/1.8.0_101)
2020-10-23 12:56:02,875 DEBUG [Forwarding newSession on session null to remote] headers:136 - http-outgoing-0 >> Accept-Encoding: gzip,deflate
2020-10-23 12:56:02,876 DEBUG [Forwarding newSession on session null to remote] wire:73 - http-outgoing-0 >> "POST /session HTTP/1.1[\r][\n]"
2020-10-23 12:56:02,877 DEBUG [Forwarding newSession on session null to remote] wire:73 - http-outgoing-0 >> "Content-Type: application/json; charset=utf-8[\r][\n]"
2020-10-23 12:56:02,877 DEBUG [Forwarding newSession on session null to remote] wire:73 - http-outgoing-0 >> "Content-Length: 550[\r][\n]"
2020-10-23 12:56:02,877 DEBUG [Forwarding newSession on session null to remote] wire:73 - http-outgoing-0 >> "Host: localhost:26397[\r][\n]"
2020-10-23 12:56:02,878 DEBUG [Forwarding newSession on session null to remote] wire:73 - http-outgoing-0 >> "Connection: Keep-Alive[\r][\n]"
2020-10-23 12:56:02,878 DEBUG [Forwarding newSession on session null to remote] wire:73 - http-outgoing-0 >> "User-Agent: Apache-HttpClient/4.5.3 (Java/1.8.0_101)[\r][\n]"
2020-10-23 12:56:02,878 DEBUG [Forwarding newSession on session null to remote] wire:73 - http-outgoing-0 >> "Accept-Encoding: gzip,deflate[\r][\n]"
2020-10-23 12:56:02,879 DEBUG [Forwarding newSession on session null to remote] wire:73 - http-outgoing-0 >> "[\r][\n]"
2020-10-23 12:56:02,879 DEBUG [Forwarding newSession on session null to remote] wire:73 - http-outgoing-0 >> "{[\n]"
2020-10-23 12:56:02,879 DEBUG [Forwarding newSession on session null to remote] wire:73 - http-outgoing-0 >> "  "desiredCapabilities": {[\n]"
2020-10-23 12:56:02,880 DEBUG [Forwarding newSession on session null to remote] wire:73 - http-outgoing-0 >> "    "browserName": "chrome",[\n]"
2020-10-23 12:56:02,880 DEBUG [Forwarding newSession on session null to remote] wire:73 - http-outgoing-0 >> "    "chromeOptions": {[\n]"
2020-10-23 12:56:02,881 DEBUG [Forwarding newSession on session null to remote] wire:73 - http-outgoing-0 >> "      "args": [],[\n]"
2020-10-23 12:56:02,881 DEBUG [Forwarding newSession on session null to remote] wire:73 - http-outgoing-0 >> "      "extensions": [][\n]"
2020-10-23 12:56:02,881 DEBUG [Forwarding newSession on session null to remote] wire:73 - http-outgoing-0 >> "    },[\n]"
2020-10-23 12:56:02,882 DEBUG [Forwarding newSession on session null to remote] wire:73 - http-outgoing-0 >> "    "version": "",[\n]"
2020-10-23 12:56:02,882 DEBUG [Forwarding newSession on session null to remote] wire:73 - http-outgoing-0 >> "    "platform": "ANY"[\n]"
2020-10-23 12:56:02,882 DEBUG [Forwarding newSession on session null to remote] wire:73 - http-outgoing-0 >> "  },[\n]"
2020-10-23 12:56:02,883 DEBUG [Forwarding newSession on session null to remote] wire:73 - http-outgoing-0 >> "  "requiredCapabilities": {},[\n]"
2020-10-23 12:56:02,883 DEBUG [Forwarding newSession on session null to remote] wire:73 - http-outgoing-0 >> "  "capabilities": {[\n]"
2020-10-23 12:56:02,884 DEBUG [Forwarding newSession on session null to remote] wire:73 - http-outgoing-0 >> "    "desiredCapabilities": {[\n]"
2020-10-23 12:56:02,884 DEBUG [Forwarding newSession on session null to remote] wire:73 - http-outgoing-0 >> "      "browserName": "chrome",[\n]"
2020-10-23 12:56:02,884 DEBUG [Forwarding newSession on session null to remote] wire:73 - http-outgoing-0 >> "      "chromeOptions": {[\n]"
2020-10-23 12:56:02,885 DEBUG [Forwarding newSession on session null to remote] wire:73 - http-outgoing-0 >> "        "args": [],[\n]"
2020-10-23 12:56:02,885 DEBUG [Forwarding newSession on session null to remote] wire:73 - http-outgoing-0 >> "        "extensions": [][\n]"
2020-10-23 12:56:02,886 DEBUG [Forwarding newSession on session null to remote] wire:73 - http-outgoing-0 >> "      },[\n]"
2020-10-23 12:56:02,886 DEBUG [Forwarding newSession on session null to remote] wire:73 - http-outgoing-0 >> "      "version": "",[\n]"
2020-10-23 12:56:02,886 DEBUG [Forwarding newSession on session null to remote] wire:73 - http-outgoing-0 >> "      "platform": "ANY"[\n]"
2020-10-23 12:56:02,887 DEBUG [Forwarding newSession on session null to remote] wire:73 - http-outgoing-0 >> "    },[\n]"
2020-10-23 12:56:02,887 DEBUG [Forwarding newSession on session null to remote] wire:73 - http-outgoing-0 >> "    "requiredCapabilities": {},[\n]"
2020-10-23 12:56:02,887 DEBUG [Forwarding newSession on session null to remote] wire:73 - http-outgoing-0 >> "    "alwaysMatch": {},[\n]"
2020-10-23 12:56:02,888 DEBUG [Forwarding newSession on session null to remote] wire:73 - http-outgoing-0 >> "    "firstMatch": [[\n]"
2020-10-23 12:56:02,888 DEBUG [Forwarding newSession on session null to remote] wire:73 - http-outgoing-0 >> "      {[\n]"
2020-10-23 12:56:02,889 DEBUG [Forwarding newSession on session null to remote] wire:73 - http-outgoing-0 >> "        "browserName": "chrome"[\n]"
2020-10-23 12:56:02,889 DEBUG [Forwarding newSession on session null to remote] wire:73 - http-outgoing-0 >> "      }[\n]"
2020-10-23 12:56:02,889 DEBUG [Forwarding newSession on session null to remote] wire:73 - http-outgoing-0 >> "    ][\n]"
2020-10-23 12:56:02,890 DEBUG [Forwarding newSession on session null to remote] wire:73 - http-outgoing-0 >> "  }[\n]"
2020-10-23 12:56:02,890 DEBUG [Forwarding newSession on session null to remote] wire:87 - http-outgoing-0 >> "}"
2020-10-23 12:56:05,810 DEBUG [Forwarding newSession on session null to remote] wire:73 - http-outgoing-0 << "HTTP/1.1 200 OK[\r][\n]"
2020-10-23 12:56:05,811 DEBUG [Forwarding newSession on session null to remote] wire:73 - http-outgoing-0 << "Content-Length:719[\r][\n]"
2020-10-23 12:56:05,811 DEBUG [Forwarding newSession on session null to remote] wire:73 - http-outgoing-0 << "Content-Type:application/json; charset=utf-8[\r][\n]"
2020-10-23 12:56:05,812 DEBUG [Forwarding newSession on session null to remote] wire:73 - http-outgoing-0 << "cache-control:no-cache[\r][\n]"
2020-10-23 12:56:05,812 DEBUG [Forwarding newSession on session null to remote] wire:73 - http-outgoing-0 << "[\r][\n]"
2020-10-23 12:56:05,812 DEBUG [Forwarding newSession on session null to remote] wire:87 - http-outgoing-0 << "{"value":{"capabilities":{"acceptInsecureCerts":false,"browserName":"chrome","browserVersion":"86.0.4240.111","chrome":{"chromedriverVersion":"85.0.4183.87 (cd6713ebf92fa1cacc0f1a598df280093af0c5d7-refs/branch-heads/4183@{#1689})","userDataDir":"C:\\Users\\kaust\\AppData\\Local\\Temp\\scoped_dir21960_1465795604"},"goog:chromeOptions":{"debuggerAddress":"localhost:51490"},"networkConnectionEnabled":false,"pageLoadStrategy":"normal","platformName":"windows","proxy":{},"setWindowRect":true,"strictFileInteractability":false,"timeouts":{"implicit":0,"pageLoad":300000,"script":30000},"unhandledPromptBehavior":"dismiss and notify","webauthn:virtualAuthenticators":true},"sessionId":"c00338ce21fded689c06ff8a33aec41a"}}"
2020-10-23 12:56:05,816 DEBUG [Forwarding newSession on session null to remote] headers:122 - http-outgoing-0 << HTTP/1.1 200 OK
2020-10-23 12:56:05,817 DEBUG [Forwarding newSession on session null to remote] headers:125 - http-outgoing-0 << Content-Length:719
2020-10-23 12:56:05,817 DEBUG [Forwarding newSession on session null to remote] headers:125 - http-outgoing-0 << Content-Type:application/json; charset=utf-8
2020-10-23 12:56:05,817 DEBUG [Forwarding newSession on session null to remote] headers:125 - http-outgoing-0 << cache-control:no-cache
2020-10-23 12:56:05,822 DEBUG [Forwarding newSession on session null to remote] MainClientExec:285 - Connection can be kept alive indefinitely
2020-10-23 12:56:05,827 DEBUG [Forwarding newSession on session null to remote] PoolingHttpClientConnectionManager:320 - Connection [id: 0][route: {}->http://localhost:26397] can be kept alive indefinitely
2020-10-23 12:56:05,828 DEBUG [Forwarding newSession on session null to remote] PoolingHttpClientConnectionManager:326 - Connection released: [id: 0][route: {}->http://localhost:26397][total kept alive: 1; route allocated: 1 of 2000; total allocated: 1 of 2000]
2020-10-23 12:56:05,906 DEBUG [Forwarding maximizeCurrentWindow on session c00338ce21fded689c06ff8a33aec41a to remote] RequestAddCookies:123 - CookieSpec selected: default
2020-10-23 12:56:05,906 DEBUG [Forwarding maximizeCurrentWindow on session c00338ce21fded689c06ff8a33aec41a to remote] RequestAuthCache:77 - Auth cache not set in the context
2020-10-23 12:56:05,907 DEBUG [Forwarding maximizeCurrentWindow on session c00338ce21fded689c06ff8a33aec41a to remote] PoolingHttpClientConnectionManager:255 - Connection request: [route: {}->http://localhost:26397][total kept alive: 1; route allocated: 1 of 2000; total allocated: 1 of 2000]
2020-10-23 12:56:05,907 DEBUG [Forwarding maximizeCurrentWindow on session c00338ce21fded689c06ff8a33aec41a to remote] PoolingHttpClientConnectionManager:288 - Connection leased: [id: 0][route: {}->http://localhost:26397][total kept alive: 0; route allocated: 1 of 2000; total allocated: 1 of 2000]
2020-10-23 12:56:05,908 DEBUG [Forwarding maximizeCurrentWindow on session c00338ce21fded689c06ff8a33aec41a to remote] MainClientExec:208 - Stale connection check
2020-10-23 12:56:05,910 DEBUG [Forwarding maximizeCurrentWindow on session c00338ce21fded689c06ff8a33aec41a to remote] wire:87 - http-outgoing-0 << "[read] I/O error: Read timed out"
2020-10-23 12:56:05,910 DEBUG [Forwarding maximizeCurrentWindow on session c00338ce21fded689c06ff8a33aec41a to remote] DefaultManagedHttpClientConnection:88 - http-outgoing-0: set socket timeout to 10800000
2020-10-23 12:56:05,911 DEBUG [Forwarding maximizeCurrentWindow on session c00338ce21fded689c06ff8a33aec41a to remote] MainClientExec:256 - Executing request POST /session/c00338ce21fded689c06ff8a33aec41a/window/maximize HTTP/1.1
2020-10-23 12:56:05,911 DEBUG [Forwarding maximizeCurrentWindow on session c00338ce21fded689c06ff8a33aec41a to remote] MainClientExec:261 - Target auth state: UNCHALLENGED
2020-10-23 12:56:05,912 DEBUG [Forwarding maximizeCurrentWindow on session c00338ce21fded689c06ff8a33aec41a to remote] MainClientExec:267 - Proxy auth state: UNCHALLENGED
2020-10-23 12:56:05,912 DEBUG [Forwarding maximizeCurrentWindow on session c00338ce21fded689c06ff8a33aec41a to remote] headers:133 - http-outgoing-0 >> POST /session/c00338ce21fded689c06ff8a33aec41a/window/maximize HTTP/1.1
2020-10-23 12:56:05,912 DEBUG [Forwarding maximizeCurrentWindow on session c00338ce21fded689c06ff8a33aec41a to remote] headers:136 - http-outgoing-0 >> Content-Type: application/json; charset=utf-8
2020-10-23 12:56:05,913 DEBUG [Forwarding maximizeCurrentWindow on session c00338ce21fded689c06ff8a33aec41a to remote] headers:136 - http-outgoing-0 >> Content-Length: 2
2020-10-23 12:56:05,913 DEBUG [Forwarding maximizeCurrentWindow on session c00338ce21fded689c06ff8a33aec41a to remote] headers:136 - http-outgoing-0 >> Host: localhost:26397
2020-10-23 12:56:05,919 DEBUG [Forwarding maximizeCurrentWindow on session c00338ce21fded689c06ff8a33aec41a to remote] headers:136 - http-outgoing-0 >> Connection: Keep-Alive
2020-10-23 12:56:05,920 DEBUG [Forwarding maximizeCurrentWindow on session c00338ce21fded689c06ff8a33aec41a to remote] headers:136 - http-outgoing-0 >> User-Agent: Apache-HttpClient/4.5.3 (Java/1.8.0_101)
2020-10-23 12:56:05,920 DEBUG [Forwarding maximizeCurrentWindow on session c00338ce21fded689c06ff8a33aec41a to remote] headers:136 - http-outgoing-0 >> Accept-Encoding: gzip,deflate
2020-10-23 12:56:05,921 DEBUG [Forwarding maximizeCurrentWindow on session c00338ce21fded689c06ff8a33aec41a to remote] wire:73 - http-outgoing-0 >> "POST /session/c00338ce21fded689c06ff8a33aec41a/window/maximize HTTP/1.1[\r][\n]"
2020-10-23 12:56:05,921 DEBUG [Forwarding maximizeCurrentWindow on session c00338ce21fded689c06ff8a33aec41a to remote] wire:73 - http-outgoing-0 >> "Content-Type: application/json; charset=utf-8[\r][\n]"
2020-10-23 12:56:05,921 DEBUG [Forwarding maximizeCurrentWindow on session c00338ce21fded689c06ff8a33aec41a to remote] wire:73 - http-outgoing-0 >> "Content-Length: 2[\r][\n]"
2020-10-23 12:56:05,922 DEBUG [Forwarding maximizeCurrentWindow on session c00338ce21fded689c06ff8a33aec41a to remote] wire:73 - http-outgoing-0 >> "Host: localhost:26397[\r][\n]"
2020-10-23 12:56:05,922 DEBUG [Forwarding maximizeCurrentWindow on session c00338ce21fded689c06ff8a33aec41a to remote] wire:73 - http-outgoing-0 >> "Connection: Keep-Alive[\r][\n]"
2020-10-23 12:56:05,923 DEBUG [Forwarding maximizeCurrentWindow on session c00338ce21fded689c06ff8a33aec41a to remote] wire:73 - http-outgoing-0 >> "User-Agent: Apache-HttpClient/4.5.3 (Java/1.8.0_101)[\r][\n]"
2020-10-23 12:56:05,923 DEBUG [Forwarding maximizeCurrentWindow on session c00338ce21fded689c06ff8a33aec41a to remote] wire:73 - http-outgoing-0 >> "Accept-Encoding: gzip,deflate[\r][\n]"
2020-10-23 12:56:05,923 DEBUG [Forwarding maximizeCurrentWindow on session c00338ce21fded689c06ff8a33aec41a to remote] wire:73 - http-outgoing-0 >> "[\r][\n]"
2020-10-23 12:56:05,924 DEBUG [Forwarding maximizeCurrentWindow on session c00338ce21fded689c06ff8a33aec41a to remote] wire:87 - http-outgoing-0 >> "{}"
2020-10-23 12:56:08,052 DEBUG [Forwarding maximizeCurrentWindow on session c00338ce21fded689c06ff8a33aec41a to remote] wire:73 - http-outgoing-0 << "HTTP/1.1 200 OK[\r][\n]"
2020-10-23 12:56:08,052 DEBUG [Forwarding maximizeCurrentWindow on session c00338ce21fded689c06ff8a33aec41a to remote] wire:73 - http-outgoing-0 << "Content-Length:51[\r][\n]"
2020-10-23 12:56:08,053 DEBUG [Forwarding maximizeCurrentWindow on session c00338ce21fded689c06ff8a33aec41a to remote] wire:73 - http-outgoing-0 << "Content-Type:application/json; charset=utf-8[\r][\n]"
2020-10-23 12:56:08,053 DEBUG [Forwarding maximizeCurrentWindow on session c00338ce21fded689c06ff8a33aec41a to remote] wire:73 - http-outgoing-0 << "cache-control:no-cache[\r][\n]"
2020-10-23 12:56:08,053 DEBUG [Forwarding maximizeCurrentWindow on session c00338ce21fded689c06ff8a33aec41a to remote] wire:73 - http-outgoing-0 << "[\r][\n]"
2020-10-23 12:56:08,054 DEBUG [Forwarding maximizeCurrentWindow on session c00338ce21fded689c06ff8a33aec41a to remote] wire:87 - http-outgoing-0 << "{"value":{"height":744,"width":1382,"x":-8,"y":-8}}"
2020-10-23 12:56:08,054 DEBUG [Forwarding maximizeCurrentWindow on session c00338ce21fded689c06ff8a33aec41a to remote] headers:122 - http-outgoing-0 << HTTP/1.1 200 OK
2020-10-23 12:56:08,054 DEBUG [Forwarding maximizeCurrentWindow on session c00338ce21fded689c06ff8a33aec41a to remote] headers:125 - http-outgoing-0 << Content-Length:51
2020-10-23 12:56:08,054 DEBUG [Forwarding maximizeCurrentWindow on session c00338ce21fded689c06ff8a33aec41a to remote] headers:125 - http-outgoing-0 << Content-Type:application/json; charset=utf-8
2020-10-23 12:56:08,055 DEBUG [Forwarding maximizeCurrentWindow on session c00338ce21fded689c06ff8a33aec41a to remote] headers:125 - http-outgoing-0 << cache-control:no-cache
2020-10-23 12:56:08,055 DEBUG [Forwarding maximizeCurrentWindow on session c00338ce21fded689c06ff8a33aec41a to remote] MainClientExec:285 - Connection can be kept alive indefinitely
2020-10-23 12:56:08,056 DEBUG [Forwarding maximizeCurrentWindow on session c00338ce21fded689c06ff8a33aec41a to remote] PoolingHttpClientConnectionManager:320 - Connection [id: 0][route: {}->http://localhost:26397] can be kept alive indefinitely
2020-10-23 12:56:08,056 DEBUG [Forwarding maximizeCurrentWindow on session c00338ce21fded689c06ff8a33aec41a to remote] PoolingHttpClientConnectionManager:326 - Connection released: [id: 0][route: {}->http://localhost:26397][total kept alive: 1; route allocated: 1 of 2000; total allocated: 1 of 2000]
2020-10-23 12:56:08,063 DEBUG [Forwarding deleteAllCookies on session c00338ce21fded689c06ff8a33aec41a to remote] RequestAddCookies:123 - CookieSpec selected: default
2020-10-23 12:56:08,063 DEBUG [Forwarding deleteAllCookies on session c00338ce21fded689c06ff8a33aec41a to remote] RequestAuthCache:77 - Auth cache not set in the context
2020-10-23 12:56:08,064 DEBUG [Forwarding deleteAllCookies on session c00338ce21fded689c06ff8a33aec41a to remote] PoolingHttpClientConnectionManager:255 - Connection request: [route: {}->http://localhost:26397][total kept alive: 1; route allocated: 1 of 2000; total allocated: 1 of 2000]
2020-10-23 12:56:08,065 DEBUG [Forwarding deleteAllCookies on session c00338ce21fded689c06ff8a33aec41a to remote] PoolingHttpClientConnectionManager:288 - Connection leased: [id: 0][route: {}->http://localhost:26397][total kept alive: 0; route allocated: 1 of 2000; total allocated: 1 of 2000]
2020-10-23 12:56:08,065 DEBUG [Forwarding deleteAllCookies on session c00338ce21fded689c06ff8a33aec41a to remote] MainClientExec:208 - Stale connection check
2020-10-23 12:56:08,067 DEBUG [Forwarding deleteAllCookies on session c00338ce21fded689c06ff8a33aec41a to remote] wire:87 - http-outgoing-0 << "[read] I/O error: Read timed out"
2020-10-23 12:56:08,067 DEBUG [Forwarding deleteAllCookies on session c00338ce21fded689c06ff8a33aec41a to remote] DefaultManagedHttpClientConnection:88 - http-outgoing-0: set socket timeout to 10800000
2020-10-23 12:56:08,067 DEBUG [Forwarding deleteAllCookies on session c00338ce21fded689c06ff8a33aec41a to remote] MainClientExec:256 - Executing request DELETE /session/c00338ce21fded689c06ff8a33aec41a/cookie HTTP/1.1
2020-10-23 12:56:08,068 DEBUG [Forwarding deleteAllCookies on session c00338ce21fded689c06ff8a33aec41a to remote] MainClientExec:261 - Target auth state: UNCHALLENGED
2020-10-23 12:56:08,068 DEBUG [Forwarding deleteAllCookies on session c00338ce21fded689c06ff8a33aec41a to remote] MainClientExec:267 - Proxy auth state: UNCHALLENGED
2020-10-23 12:56:08,069 DEBUG [Forwarding deleteAllCookies on session c00338ce21fded689c06ff8a33aec41a to remote] headers:133 - http-outgoing-0 >> DELETE /session/c00338ce21fded689c06ff8a33aec41a/cookie HTTP/1.1
2020-10-23 12:56:08,069 DEBUG [Forwarding deleteAllCookies on session c00338ce21fded689c06ff8a33aec41a to remote] headers:136 - http-outgoing-0 >> Host: localhost:26397
2020-10-23 12:56:08,070 DEBUG [Forwarding deleteAllCookies on session c00338ce21fded689c06ff8a33aec41a to remote] headers:136 - http-outgoing-0 >> Connection: Keep-Alive
2020-10-23 12:56:08,070 DEBUG [Forwarding deleteAllCookies on session c00338ce21fded689c06ff8a33aec41a to remote] headers:136 - http-outgoing-0 >> User-Agent: Apache-HttpClient/4.5.3 (Java/1.8.0_101)
2020-10-23 12:56:08,070 DEBUG [Forwarding deleteAllCookies on session c00338ce21fded689c06ff8a33aec41a to remote] headers:136 - http-outgoing-0 >> Accept-Encoding: gzip,deflate
2020-10-23 12:56:08,071 DEBUG [Forwarding deleteAllCookies on session c00338ce21fded689c06ff8a33aec41a to remote] wire:73 - http-outgoing-0 >> "DELETE /session/c00338ce21fded689c06ff8a33aec41a/cookie HTTP/1.1[\r][\n]"
2020-10-23 12:56:08,071 DEBUG [Forwarding deleteAllCookies on session c00338ce21fded689c06ff8a33aec41a to remote] wire:73 - http-outgoing-0 >> "Host: localhost:26397[\r][\n]"
2020-10-23 12:56:08,071 DEBUG [Forwarding deleteAllCookies on session c00338ce21fded689c06ff8a33aec41a to remote] wire:73 - http-outgoing-0 >> "Connection: Keep-Alive[\r][\n]"
2020-10-23 12:56:08,072 DEBUG [Forwarding deleteAllCookies on session c00338ce21fded689c06ff8a33aec41a to remote] wire:73 - http-outgoing-0 >> "User-Agent: Apache-HttpClient/4.5.3 (Java/1.8.0_101)[\r][\n]"
2020-10-23 12:56:08,072 DEBUG [Forwarding deleteAllCookies on session c00338ce21fded689c06ff8a33aec41a to remote] wire:73 - http-outgoing-0 >> "Accept-Encoding: gzip,deflate[\r][\n]"
2020-10-23 12:56:08,072 DEBUG [Forwarding deleteAllCookies on session c00338ce21fded689c06ff8a33aec41a to remote] wire:73 - http-outgoing-0 >> "[\r][\n]"
2020-10-23 12:56:08,079 DEBUG [Forwarding deleteAllCookies on session c00338ce21fded689c06ff8a33aec41a to remote] wire:73 - http-outgoing-0 << "HTTP/1.1 200 OK[\r][\n]"
2020-10-23 12:56:08,080 DEBUG [Forwarding deleteAllCookies on session c00338ce21fded689c06ff8a33aec41a to remote] wire:73 - http-outgoing-0 << "Content-Length:14[\r][\n]"
2020-10-23 12:56:08,080 DEBUG [Forwarding deleteAllCookies on session c00338ce21fded689c06ff8a33aec41a to remote] wire:73 - http-outgoing-0 << "Content-Type:application/json; charset=utf-8[\r][\n]"
2020-10-23 12:56:08,080 DEBUG [Forwarding deleteAllCookies on session c00338ce21fded689c06ff8a33aec41a to remote] wire:73 - http-outgoing-0 << "cache-control:no-cache[\r][\n]"
2020-10-23 12:56:08,080 DEBUG [Forwarding deleteAllCookies on session c00338ce21fded689c06ff8a33aec41a to remote] wire:73 - http-outgoing-0 << "[\r][\n]"
2020-10-23 12:56:08,081 DEBUG [Forwarding deleteAllCookies on session c00338ce21fded689c06ff8a33aec41a to remote] wire:87 - http-outgoing-0 << "{"value":null}"
2020-10-23 12:56:08,081 DEBUG [Forwarding deleteAllCookies on session c00338ce21fded689c06ff8a33aec41a to remote] headers:122 - http-outgoing-0 << HTTP/1.1 200 OK
2020-10-23 12:56:08,082 DEBUG [Forwarding deleteAllCookies on session c00338ce21fded689c06ff8a33aec41a to remote] headers:125 - http-outgoing-0 << Content-Length:14
2020-10-23 12:56:08,082 DEBUG [Forwarding deleteAllCookies on session c00338ce21fded689c06ff8a33aec41a to remote] headers:125 - http-outgoing-0 << Content-Type:application/json; charset=utf-8
2020-10-23 12:56:08,082 DEBUG [Forwarding deleteAllCookies on session c00338ce21fded689c06ff8a33aec41a to remote] headers:125 - http-outgoing-0 << cache-control:no-cache
2020-10-23 12:56:08,083 DEBUG [Forwarding deleteAllCookies on session c00338ce21fded689c06ff8a33aec41a to remote] MainClientExec:285 - Connection can be kept alive indefinitely
2020-10-23 12:56:08,083 DEBUG [Forwarding deleteAllCookies on session c00338ce21fded689c06ff8a33aec41a to remote] PoolingHttpClientConnectionManager:320 - Connection [id: 0][route: {}->http://localhost:26397] can be kept alive indefinitely
2020-10-23 12:56:08,083 DEBUG [Forwarding deleteAllCookies on session c00338ce21fded689c06ff8a33aec41a to remote] PoolingHttpClientConnectionManager:326 - Connection released: [id: 0][route: {}->http://localhost:26397][total kept alive: 1; route allocated: 1 of 2000; total allocated: 1 of 2000]
2020-10-23 12:56:08,088 DEBUG [Forwarding setTimeout on session c00338ce21fded689c06ff8a33aec41a to remote] RequestAddCookies:123 - CookieSpec selected: default
2020-10-23 12:56:08,089 DEBUG [Forwarding setTimeout on session c00338ce21fded689c06ff8a33aec41a to remote] RequestAuthCache:77 - Auth cache not set in the context
2020-10-23 12:56:08,089 DEBUG [Forwarding setTimeout on session c00338ce21fded689c06ff8a33aec41a to remote] PoolingHttpClientConnectionManager:255 - Connection request: [route: {}->http://localhost:26397][total kept alive: 1; route allocated: 1 of 2000; total allocated: 1 of 2000]
2020-10-23 12:56:08,090 DEBUG [Forwarding setTimeout on session c00338ce21fded689c06ff8a33aec41a to remote] PoolingHttpClientConnectionManager:288 - Connection leased: [id: 0][route: {}->http://localhost:26397][total kept alive: 0; route allocated: 1 of 2000; total allocated: 1 of 2000]
2020-10-23 12:56:08,090 DEBUG [Forwarding setTimeout on session c00338ce21fded689c06ff8a33aec41a to remote] MainClientExec:208 - Stale connection check
2020-10-23 12:56:08,091 DEBUG [Forwarding setTimeout on session c00338ce21fded689c06ff8a33aec41a to remote] wire:87 - http-outgoing-0 << "[read] I/O error: Read timed out"
2020-10-23 12:56:08,091 DEBUG [Forwarding setTimeout on session c00338ce21fded689c06ff8a33aec41a to remote] DefaultManagedHttpClientConnection:88 - http-outgoing-0: set socket timeout to 10800000
2020-10-23 12:56:08,091 DEBUG [Forwarding setTimeout on session c00338ce21fded689c06ff8a33aec41a to remote] MainClientExec:256 - Executing request POST /session/c00338ce21fded689c06ff8a33aec41a/timeouts HTTP/1.1
2020-10-23 12:56:08,092 DEBUG [Forwarding setTimeout on session c00338ce21fded689c06ff8a33aec41a to remote] MainClientExec:261 - Target auth state: UNCHALLENGED
2020-10-23 12:56:08,092 DEBUG [Forwarding setTimeout on session c00338ce21fded689c06ff8a33aec41a to remote] MainClientExec:267 - Proxy auth state: UNCHALLENGED
2020-10-23 12:56:08,093 DEBUG [Forwarding setTimeout on session c00338ce21fded689c06ff8a33aec41a to remote] headers:133 - http-outgoing-0 >> POST /session/c00338ce21fded689c06ff8a33aec41a/timeouts HTTP/1.1
2020-10-23 12:56:08,093 DEBUG [Forwarding setTimeout on session c00338ce21fded689c06ff8a33aec41a to remote] headers:136 - http-outgoing-0 >> Content-Type: application/json; charset=utf-8
2020-10-23 12:56:08,093 DEBUG [Forwarding setTimeout on session c00338ce21fded689c06ff8a33aec41a to remote] headers:136 - http-outgoing-0 >> Content-Length: 18
2020-10-23 12:56:08,094 DEBUG [Forwarding setTimeout on session c00338ce21fded689c06ff8a33aec41a to remote] headers:136 - http-outgoing-0 >> Host: localhost:26397
2020-10-23 12:56:08,094 DEBUG [Forwarding setTimeout on session c00338ce21fded689c06ff8a33aec41a to remote] headers:136 - http-outgoing-0 >> Connection: Keep-Alive
2020-10-23 12:56:08,095 DEBUG [Forwarding setTimeout on session c00338ce21fded689c06ff8a33aec41a to remote] headers:136 - http-outgoing-0 >> User-Agent: Apache-HttpClient/4.5.3 (Java/1.8.0_101)
2020-10-23 12:56:08,095 DEBUG [Forwarding setTimeout on session c00338ce21fded689c06ff8a33aec41a to remote] headers:136 - http-outgoing-0 >> Accept-Encoding: gzip,deflate
2020-10-23 12:56:08,096 DEBUG [Forwarding setTimeout on session c00338ce21fded689c06ff8a33aec41a to remote] wire:73 - http-outgoing-0 >> "POST /session/c00338ce21fded689c06ff8a33aec41a/timeouts HTTP/1.1[\r][\n]"
2020-10-23 12:56:08,096 DEBUG [Forwarding setTimeout on session c00338ce21fded689c06ff8a33aec41a to remote] wire:73 - http-outgoing-0 >> "Content-Type: application/json; charset=utf-8[\r][\n]"
2020-10-23 12:56:08,097 DEBUG [Forwarding setTimeout on session c00338ce21fded689c06ff8a33aec41a to remote] wire:73 - http-outgoing-0 >> "Content-Length: 18[\r][\n]"
2020-10-23 12:56:08,097 DEBUG [Forwarding setTimeout on session c00338ce21fded689c06ff8a33aec41a to remote] wire:73 - http-outgoing-0 >> "Host: localhost:26397[\r][\n]"
2020-10-23 12:56:08,097 DEBUG [Forwarding setTimeout on session c00338ce21fded689c06ff8a33aec41a to remote] wire:73 - http-outgoing-0 >> "Connection: Keep-Alive[\r][\n]"
2020-10-23 12:56:08,098 DEBUG [Forwarding setTimeout on session c00338ce21fded689c06ff8a33aec41a to remote] wire:73 - http-outgoing-0 >> "User-Agent: Apache-HttpClient/4.5.3 (Java/1.8.0_101)[\r][\n]"
2020-10-23 12:56:08,098 DEBUG [Forwarding setTimeout on session c00338ce21fded689c06ff8a33aec41a to remote] wire:73 - http-outgoing-0 >> "Accept-Encoding: gzip,deflate[\r][\n]"
2020-10-23 12:56:08,099 DEBUG [Forwarding setTimeout on session c00338ce21fded689c06ff8a33aec41a to remote] wire:73 - http-outgoing-0 >> "[\r][\n]"
2020-10-23 12:56:08,099 DEBUG [Forwarding setTimeout on session c00338ce21fded689c06ff8a33aec41a to remote] wire:87 - http-outgoing-0 >> "{"pageLoad":20000}"
2020-10-23 12:56:08,106 DEBUG [Forwarding setTimeout on session c00338ce21fded689c06ff8a33aec41a to remote] wire:73 - http-outgoing-0 << "HTTP/1.1 200 OK[\r][\n]"
2020-10-23 12:56:08,106 DEBUG [Forwarding setTimeout on session c00338ce21fded689c06ff8a33aec41a to remote] wire:73 - http-outgoing-0 << "Content-Length:14[\r][\n]"
2020-10-23 12:56:08,106 DEBUG [Forwarding setTimeout on session c00338ce21fded689c06ff8a33aec41a to remote] wire:73 - http-outgoing-0 << "Content-Type:application/json; charset=utf-8[\r][\n]"
2020-10-23 12:56:08,107 DEBUG [Forwarding setTimeout on session c00338ce21fded689c06ff8a33aec41a to remote] wire:73 - http-outgoing-0 << "cache-control:no-cache[\r][\n]"
2020-10-23 12:56:08,107 DEBUG [Forwarding setTimeout on session c00338ce21fded689c06ff8a33aec41a to remote] wire:73 - http-outgoing-0 << "[\r][\n]"
2020-10-23 12:56:08,107 DEBUG [Forwarding setTimeout on session c00338ce21fded689c06ff8a33aec41a to remote] wire:87 - http-outgoing-0 << "{"value":null}"
2020-10-23 12:56:08,108 DEBUG [Forwarding setTimeout on session c00338ce21fded689c06ff8a33aec41a to remote] headers:122 - http-outgoing-0 << HTTP/1.1 200 OK
2020-10-23 12:56:08,108 DEBUG [Forwarding setTimeout on session c00338ce21fded689c06ff8a33aec41a to remote] headers:125 - http-outgoing-0 << Content-Length:14
2020-10-23 12:56:08,108 DEBUG [Forwarding setTimeout on session c00338ce21fded689c06ff8a33aec41a to remote] headers:125 - http-outgoing-0 << Content-Type:application/json; charset=utf-8
2020-10-23 12:56:08,109 DEBUG [Forwarding setTimeout on session c00338ce21fded689c06ff8a33aec41a to remote] headers:125 - http-outgoing-0 << cache-control:no-cache
2020-10-23 12:56:08,109 DEBUG [Forwarding setTimeout on session c00338ce21fded689c06ff8a33aec41a to remote] MainClientExec:285 - Connection can be kept alive indefinitely
2020-10-23 12:56:08,111 DEBUG [Forwarding setTimeout on session c00338ce21fded689c06ff8a33aec41a to remote] PoolingHttpClientConnectionManager:320 - Connection [id: 0][route: {}->http://localhost:26397] can be kept alive indefinitely
2020-10-23 12:56:08,112 DEBUG [Forwarding setTimeout on session c00338ce21fded689c06ff8a33aec41a to remote] PoolingHttpClientConnectionManager:326 - Connection released: [id: 0][route: {}->http://localhost:26397][total kept alive: 1; route allocated: 1 of 2000; total allocated: 1 of 2000]
2020-10-23 12:56:08,115 DEBUG [Forwarding setTimeout on session c00338ce21fded689c06ff8a33aec41a to remote] RequestAddCookies:123 - CookieSpec selected: default
2020-10-23 12:56:08,116 DEBUG [Forwarding setTimeout on session c00338ce21fded689c06ff8a33aec41a to remote] RequestAuthCache:77 - Auth cache not set in the context
2020-10-23 12:56:08,116 DEBUG [Forwarding setTimeout on session c00338ce21fded689c06ff8a33aec41a to remote] PoolingHttpClientConnectionManager:255 - Connection request: [route: {}->http://localhost:26397][total kept alive: 1; route allocated: 1 of 2000; total allocated: 1 of 2000]
2020-10-23 12:56:08,117 DEBUG [Forwarding setTimeout on session c00338ce21fded689c06ff8a33aec41a to remote] PoolingHttpClientConnectionManager:288 - Connection leased: [id: 0][route: {}->http://localhost:26397][total kept alive: 0; route allocated: 1 of 2000; total allocated: 1 of 2000]
2020-10-23 12:56:08,117 DEBUG [Forwarding setTimeout on session c00338ce21fded689c06ff8a33aec41a to remote] MainClientExec:208 - Stale connection check
2020-10-23 12:56:08,120 DEBUG [Forwarding setTimeout on session c00338ce21fded689c06ff8a33aec41a to remote] wire:87 - http-outgoing-0 << "[read] I/O error: Read timed out"
2020-10-23 12:56:08,120 DEBUG [Forwarding setTimeout on session c00338ce21fded689c06ff8a33aec41a to remote] DefaultManagedHttpClientConnection:88 - http-outgoing-0: set socket timeout to 10800000
2020-10-23 12:56:08,121 DEBUG [Forwarding setTimeout on session c00338ce21fded689c06ff8a33aec41a to remote] MainClientExec:256 - Executing request POST /session/c00338ce21fded689c06ff8a33aec41a/timeouts HTTP/1.1
2020-10-23 12:56:08,121 DEBUG [Forwarding setTimeout on session c00338ce21fded689c06ff8a33aec41a to remote] MainClientExec:261 - Target auth state: UNCHALLENGED
2020-10-23 12:56:08,121 DEBUG [Forwarding setTimeout on session c00338ce21fded689c06ff8a33aec41a to remote] MainClientExec:267 - Proxy auth state: UNCHALLENGED
2020-10-23 12:56:08,122 DEBUG [Forwarding setTimeout on session c00338ce21fded689c06ff8a33aec41a to remote] headers:133 - http-outgoing-0 >> POST /session/c00338ce21fded689c06ff8a33aec41a/timeouts HTTP/1.1
2020-10-23 12:56:08,122 DEBUG [Forwarding setTimeout on session c00338ce21fded689c06ff8a33aec41a to remote] headers:136 - http-outgoing-0 >> Content-Type: application/json; charset=utf-8
2020-10-23 12:56:08,123 DEBUG [Forwarding setTimeout on session c00338ce21fded689c06ff8a33aec41a to remote] headers:136 - http-outgoing-0 >> Content-Length: 18
2020-10-23 12:56:08,123 DEBUG [Forwarding setTimeout on session c00338ce21fded689c06ff8a33aec41a to remote] headers:136 - http-outgoing-0 >> Host: localhost:26397
2020-10-23 12:56:08,124 DEBUG [Forwarding setTimeout on session c00338ce21fded689c06ff8a33aec41a to remote] headers:136 - http-outgoing-0 >> Connection: Keep-Alive
2020-10-23 12:56:08,124 DEBUG [Forwarding setTimeout on session c00338ce21fded689c06ff8a33aec41a to remote] headers:136 - http-outgoing-0 >> User-Agent: Apache-HttpClient/4.5.3 (Java/1.8.0_101)
2020-10-23 12:56:08,124 DEBUG [Forwarding setTimeout on session c00338ce21fded689c06ff8a33aec41a to remote] headers:136 - http-outgoing-0 >> Accept-Encoding: gzip,deflate
2020-10-23 12:56:08,127 DEBUG [Forwarding setTimeout on session c00338ce21fded689c06ff8a33aec41a to remote] wire:73 - http-outgoing-0 >> "POST /session/c00338ce21fded689c06ff8a33aec41a/timeouts HTTP/1.1[\r][\n]"
2020-10-23 12:56:08,128 DEBUG [Forwarding setTimeout on session c00338ce21fded689c06ff8a33aec41a to remote] wire:73 - http-outgoing-0 >> "Content-Type: application/json; charset=utf-8[\r][\n]"
2020-10-23 12:56:08,128 DEBUG [Forwarding setTimeout on session c00338ce21fded689c06ff8a33aec41a to remote] wire:73 - http-outgoing-0 >> "Content-Length: 18[\r][\n]"
2020-10-23 12:56:08,129 DEBUG [Forwarding setTimeout on session c00338ce21fded689c06ff8a33aec41a to remote] wire:73 - http-outgoing-0 >> "Host: localhost:26397[\r][\n]"
2020-10-23 12:56:08,129 DEBUG [Forwarding setTimeout on session c00338ce21fded689c06ff8a33aec41a to remote] wire:73 - http-outgoing-0 >> "Connection: Keep-Alive[\r][\n]"
2020-10-23 12:56:08,129 DEBUG [Forwarding setTimeout on session c00338ce21fded689c06ff8a33aec41a to remote] wire:73 - http-outgoing-0 >> "User-Agent: Apache-HttpClient/4.5.3 (Java/1.8.0_101)[\r][\n]"
2020-10-23 12:56:08,130 DEBUG [Forwarding setTimeout on session c00338ce21fded689c06ff8a33aec41a to remote] wire:73 - http-outgoing-0 >> "Accept-Encoding: gzip,deflate[\r][\n]"
2020-10-23 12:56:08,130 DEBUG [Forwarding setTimeout on session c00338ce21fded689c06ff8a33aec41a to remote] wire:73 - http-outgoing-0 >> "[\r][\n]"
2020-10-23 12:56:08,130 DEBUG [Forwarding setTimeout on session c00338ce21fded689c06ff8a33aec41a to remote] wire:87 - http-outgoing-0 >> "{"implicit":10000}"
2020-10-23 12:56:08,131 DEBUG [Forwarding setTimeout on session c00338ce21fded689c06ff8a33aec41a to remote] wire:73 - http-outgoing-0 << "HTTP/1.1 200 OK[\r][\n]"
2020-10-23 12:56:08,132 DEBUG [Forwarding setTimeout on session c00338ce21fded689c06ff8a33aec41a to remote] wire:73 - http-outgoing-0 << "Content-Length:14[\r][\n]"
2020-10-23 12:56:08,132 DEBUG [Forwarding setTimeout on session c00338ce21fded689c06ff8a33aec41a to remote] wire:73 - http-outgoing-0 << "Content-Type:application/json; charset=utf-8[\r][\n]"
2020-10-23 12:56:08,132 DEBUG [Forwarding setTimeout on session c00338ce21fded689c06ff8a33aec41a to remote] wire:73 - http-outgoing-0 << "cache-control:no-cache[\r][\n]"
2020-10-23 12:56:08,133 DEBUG [Forwarding setTimeout on session c00338ce21fded689c06ff8a33aec41a to remote] wire:73 - http-outgoing-0 << "[\r][\n]"
2020-10-23 12:56:08,133 DEBUG [Forwarding setTimeout on session c00338ce21fded689c06ff8a33aec41a to remote] wire:87 - http-outgoing-0 << "{"value":null}"
2020-10-23 12:56:08,134 DEBUG [Forwarding setTimeout on session c00338ce21fded689c06ff8a33aec41a to remote] headers:122 - http-outgoing-0 << HTTP/1.1 200 OK
2020-10-23 12:56:08,134 DEBUG [Forwarding setTimeout on session c00338ce21fded689c06ff8a33aec41a to remote] headers:125 - http-outgoing-0 << Content-Length:14
2020-10-23 12:56:08,135 DEBUG [Forwarding setTimeout on session c00338ce21fded689c06ff8a33aec41a to remote] headers:125 - http-outgoing-0 << Content-Type:application/json; charset=utf-8
2020-10-23 12:56:08,135 DEBUG [Forwarding setTimeout on session c00338ce21fded689c06ff8a33aec41a to remote] headers:125 - http-outgoing-0 << cache-control:no-cache
2020-10-23 12:56:08,136 DEBUG [Forwarding setTimeout on session c00338ce21fded689c06ff8a33aec41a to remote] MainClientExec:285 - Connection can be kept alive indefinitely
2020-10-23 12:56:08,136 DEBUG [Forwarding setTimeout on session c00338ce21fded689c06ff8a33aec41a to remote] PoolingHttpClientConnectionManager:320 - Connection [id: 0][route: {}->http://localhost:26397] can be kept alive indefinitely
2020-10-23 12:56:08,137 DEBUG [Forwarding setTimeout on session c00338ce21fded689c06ff8a33aec41a to remote] PoolingHttpClientConnectionManager:326 - Connection released: [id: 0][route: {}->http://localhost:26397][total kept alive: 1; route allocated: 1 of 2000; total allocated: 1 of 2000]
2020-10-23 12:56:08,140 DEBUG [Forwarding get on session c00338ce21fded689c06ff8a33aec41a to remote] RequestAddCookies:123 - CookieSpec selected: default
2020-10-23 12:56:08,141 DEBUG [Forwarding get on session c00338ce21fded689c06ff8a33aec41a to remote] RequestAuthCache:77 - Auth cache not set in the context
2020-10-23 12:56:08,141 DEBUG [Forwarding get on session c00338ce21fded689c06ff8a33aec41a to remote] PoolingHttpClientConnectionManager:255 - Connection request: [route: {}->http://localhost:26397][total kept alive: 1; route allocated: 1 of 2000; total allocated: 1 of 2000]
2020-10-23 12:56:08,142 DEBUG [Forwarding get on session c00338ce21fded689c06ff8a33aec41a to remote] PoolingHttpClientConnectionManager:288 - Connection leased: [id: 0][route: {}->http://localhost:26397][total kept alive: 0; route allocated: 1 of 2000; total allocated: 1 of 2000]
2020-10-23 12:56:08,142 DEBUG [Forwarding get on session c00338ce21fded689c06ff8a33aec41a to remote] MainClientExec:208 - Stale connection check
2020-10-23 12:56:08,143 DEBUG [Forwarding get on session c00338ce21fded689c06ff8a33aec41a to remote] wire:87 - http-outgoing-0 << "[read] I/O error: Read timed out"
2020-10-23 12:56:08,143 DEBUG [Forwarding get on session c00338ce21fded689c06ff8a33aec41a to remote] DefaultManagedHttpClientConnection:88 - http-outgoing-0: set socket timeout to 10800000
2020-10-23 12:56:08,144 DEBUG [Forwarding get on session c00338ce21fded689c06ff8a33aec41a to remote] MainClientExec:256 - Executing request POST /session/c00338ce21fded689c06ff8a33aec41a/url HTTP/1.1
2020-10-23 12:56:08,144 DEBUG [Forwarding get on session c00338ce21fded689c06ff8a33aec41a to remote] MainClientExec:261 - Target auth state: UNCHALLENGED
2020-10-23 12:56:08,145 DEBUG [Forwarding get on session c00338ce21fded689c06ff8a33aec41a to remote] MainClientExec:267 - Proxy auth state: UNCHALLENGED
2020-10-23 12:56:08,146 DEBUG [Forwarding get on session c00338ce21fded689c06ff8a33aec41a to remote] headers:133 - http-outgoing-0 >> POST /session/c00338ce21fded689c06ff8a33aec41a/url HTTP/1.1
2020-10-23 12:56:08,146 DEBUG [Forwarding get on session c00338ce21fded689c06ff8a33aec41a to remote] headers:136 - http-outgoing-0 >> Content-Type: application/json; charset=utf-8
2020-10-23 12:56:08,146 DEBUG [Forwarding get on session c00338ce21fded689c06ff8a33aec41a to remote] headers:136 - http-outgoing-0 >> Content-Length: 33
2020-10-23 12:56:08,147 DEBUG [Forwarding get on session c00338ce21fded689c06ff8a33aec41a to remote] headers:136 - http-outgoing-0 >> Host: localhost:26397
2020-10-23 12:56:08,148 DEBUG [Forwarding get on session c00338ce21fded689c06ff8a33aec41a to remote] headers:136 - http-outgoing-0 >> Connection: Keep-Alive
2020-10-23 12:56:08,148 DEBUG [Forwarding get on session c00338ce21fded689c06ff8a33aec41a to remote] headers:136 - http-outgoing-0 >> User-Agent: Apache-HttpClient/4.5.3 (Java/1.8.0_101)
2020-10-23 12:56:08,148 DEBUG [Forwarding get on session c00338ce21fded689c06ff8a33aec41a to remote] headers:136 - http-outgoing-0 >> Accept-Encoding: gzip,deflate
2020-10-23 12:56:08,149 DEBUG [Forwarding get on session c00338ce21fded689c06ff8a33aec41a to remote] wire:73 - http-outgoing-0 >> "POST /session/c00338ce21fded689c06ff8a33aec41a/url HTTP/1.1[\r][\n]"
2020-10-23 12:56:08,149 DEBUG [Forwarding get on session c00338ce21fded689c06ff8a33aec41a to remote] wire:73 - http-outgoing-0 >> "Content-Type: application/json; charset=utf-8[\r][\n]"
2020-10-23 12:56:08,150 DEBUG [Forwarding get on session c00338ce21fded689c06ff8a33aec41a to remote] wire:73 - http-outgoing-0 >> "Content-Length: 33[\r][\n]"
2020-10-23 12:56:08,150 DEBUG [Forwarding get on session c00338ce21fded689c06ff8a33aec41a to remote] wire:73 - http-outgoing-0 >> "Host: localhost:26397[\r][\n]"
2020-10-23 12:56:08,151 DEBUG [Forwarding get on session c00338ce21fded689c06ff8a33aec41a to remote] wire:73 - http-outgoing-0 >> "Connection: Keep-Alive[\r][\n]"
2020-10-23 12:56:08,151 DEBUG [Forwarding get on session c00338ce21fded689c06ff8a33aec41a to remote] wire:73 - http-outgoing-0 >> "User-Agent: Apache-HttpClient/4.5.3 (Java/1.8.0_101)[\r][\n]"
2020-10-23 12:56:08,152 DEBUG [Forwarding get on session c00338ce21fded689c06ff8a33aec41a to remote] wire:73 - http-outgoing-0 >> "Accept-Encoding: gzip,deflate[\r][\n]"
2020-10-23 12:56:08,152 DEBUG [Forwarding get on session c00338ce21fded689c06ff8a33aec41a to remote] wire:73 - http-outgoing-0 >> "[\r][\n]"
2020-10-23 12:56:08,153 DEBUG [Forwarding get on session c00338ce21fded689c06ff8a33aec41a to remote] wire:87 - http-outgoing-0 >> "{"url":"https://ui.freecrm.com/"}"
2020-10-23 12:56:11,210 DEBUG [Forwarding get on session c00338ce21fded689c06ff8a33aec41a to remote] wire:73 - http-outgoing-0 << "HTTP/1.1 200 OK[\r][\n]"
2020-10-23 12:56:11,210 DEBUG [Forwarding get on session c00338ce21fded689c06ff8a33aec41a to remote] wire:73 - http-outgoing-0 << "Content-Length:14[\r][\n]"
2020-10-23 12:56:11,210 DEBUG [Forwarding get on session c00338ce21fded689c06ff8a33aec41a to remote] wire:73 - http-outgoing-0 << "Content-Type:application/json; charset=utf-8[\r][\n]"
2020-10-23 12:56:11,211 DEBUG [Forwarding get on session c00338ce21fded689c06ff8a33aec41a to remote] wire:73 - http-outgoing-0 << "cache-control:no-cache[\r][\n]"
2020-10-23 12:56:11,211 DEBUG [Forwarding get on session c00338ce21fded689c06ff8a33aec41a to remote] wire:73 - http-outgoing-0 << "[\r][\n]"
2020-10-23 12:56:11,212 DEBUG [Forwarding get on session c00338ce21fded689c06ff8a33aec41a to remote] wire:87 - http-outgoing-0 << "{"value":null}"
2020-10-23 12:56:11,212 DEBUG [Forwarding get on session c00338ce21fded689c06ff8a33aec41a to remote] headers:122 - http-outgoing-0 << HTTP/1.1 200 OK
2020-10-23 12:56:11,213 DEBUG [Forwarding get on session c00338ce21fded689c06ff8a33aec41a to remote] headers:125 - http-outgoing-0 << Content-Length:14
2020-10-23 12:56:11,213 DEBUG [Forwarding get on session c00338ce21fded689c06ff8a33aec41a to remote] headers:125 - http-outgoing-0 << Content-Type:application/json; charset=utf-8
2020-10-23 12:56:11,214 DEBUG [Forwarding get on session c00338ce21fded689c06ff8a33aec41a to remote] headers:125 - http-outgoing-0 << cache-control:no-cache
2020-10-23 12:56:11,214 DEBUG [Forwarding get on session c00338ce21fded689c06ff8a33aec41a to remote] MainClientExec:285 - Connection can be kept alive indefinitely
2020-10-23 12:56:11,215 DEBUG [Forwarding get on session c00338ce21fded689c06ff8a33aec41a to remote] PoolingHttpClientConnectionManager:320 - Connection [id: 0][route: {}->http://localhost:26397] can be kept alive indefinitely
2020-10-23 12:56:11,216 DEBUG [Forwarding get on session c00338ce21fded689c06ff8a33aec41a to remote] PoolingHttpClientConnectionManager:326 - Connection released: [id: 0][route: {}->http://localhost:26397][total kept alive: 1; route allocated: 1 of 2000; total allocated: 1 of 2000]
2020-10-23 12:56:11,271 DEBUG [Forwarding findElement on session c00338ce21fded689c06ff8a33aec41a to remote] RequestAddCookies:123 - CookieSpec selected: default
2020-10-23 12:56:11,273 DEBUG [Forwarding findElement on session c00338ce21fded689c06ff8a33aec41a to remote] RequestAuthCache:77 - Auth cache not set in the context
2020-10-23 12:56:11,277 DEBUG [Forwarding findElement on session c00338ce21fded689c06ff8a33aec41a to remote] PoolingHttpClientConnectionManager:255 - Connection request: [route: {}->http://localhost:26397][total kept alive: 1; route allocated: 1 of 2000; total allocated: 1 of 2000]
2020-10-23 12:56:11,277 DEBUG [Forwarding findElement on session c00338ce21fded689c06ff8a33aec41a to remote] PoolingHttpClientConnectionManager:288 - Connection leased: [id: 0][route: {}->http://localhost:26397][total kept alive: 0; route allocated: 1 of 2000; total allocated: 1 of 2000]
2020-10-23 12:56:11,277 DEBUG [Forwarding findElement on session c00338ce21fded689c06ff8a33aec41a to remote] MainClientExec:208 - Stale connection check
2020-10-23 12:56:11,280 DEBUG [Forwarding findElement on session c00338ce21fded689c06ff8a33aec41a to remote] wire:87 - http-outgoing-0 << "[read] I/O error: Read timed out"
2020-10-23 12:56:11,281 DEBUG [Forwarding findElement on session c00338ce21fded689c06ff8a33aec41a to remote] DefaultManagedHttpClientConnection:88 - http-outgoing-0: set socket timeout to 10800000
2020-10-23 12:56:11,281 DEBUG [Forwarding findElement on session c00338ce21fded689c06ff8a33aec41a to remote] MainClientExec:256 - Executing request POST /session/c00338ce21fded689c06ff8a33aec41a/element HTTP/1.1
2020-10-23 12:56:11,281 DEBUG [Forwarding findElement on session c00338ce21fded689c06ff8a33aec41a to remote] MainClientExec:261 - Target auth state: UNCHALLENGED
2020-10-23 12:56:11,282 DEBUG [Forwarding findElement on session c00338ce21fded689c06ff8a33aec41a to remote] MainClientExec:267 - Proxy auth state: UNCHALLENGED
2020-10-23 12:56:11,282 DEBUG [Forwarding findElement on session c00338ce21fded689c06ff8a33aec41a to remote] headers:133 - http-outgoing-0 >> POST /session/c00338ce21fded689c06ff8a33aec41a/element HTTP/1.1
2020-10-23 12:56:11,282 DEBUG [Forwarding findElement on session c00338ce21fded689c06ff8a33aec41a to remote] headers:136 - http-outgoing-0 >> Content-Type: application/json; charset=utf-8
2020-10-23 12:56:11,283 DEBUG [Forwarding findElement on session c00338ce21fded689c06ff8a33aec41a to remote] headers:136 - http-outgoing-0 >> Content-Length: 50
2020-10-23 12:56:11,283 DEBUG [Forwarding findElement on session c00338ce21fded689c06ff8a33aec41a to remote] headers:136 - http-outgoing-0 >> Host: localhost:26397
2020-10-23 12:56:11,283 DEBUG [Forwarding findElement on session c00338ce21fded689c06ff8a33aec41a to remote] headers:136 - http-outgoing-0 >> Connection: Keep-Alive
2020-10-23 12:56:11,284 DEBUG [Forwarding findElement on session c00338ce21fded689c06ff8a33aec41a to remote] headers:136 - http-outgoing-0 >> User-Agent: Apache-HttpClient/4.5.3 (Java/1.8.0_101)
2020-10-23 12:56:11,284 DEBUG [Forwarding findElement on session c00338ce21fded689c06ff8a33aec41a to remote] headers:136 - http-outgoing-0 >> Accept-Encoding: gzip,deflate
2020-10-23 12:56:11,284 DEBUG [Forwarding findElement on session c00338ce21fded689c06ff8a33aec41a to remote] wire:73 - http-outgoing-0 >> "POST /session/c00338ce21fded689c06ff8a33aec41a/element HTTP/1.1[\r][\n]"
2020-10-23 12:56:11,285 DEBUG [Forwarding findElement on session c00338ce21fded689c06ff8a33aec41a to remote] wire:73 - http-outgoing-0 >> "Content-Type: application/json; charset=utf-8[\r][\n]"
2020-10-23 12:56:11,285 DEBUG [Forwarding findElement on session c00338ce21fded689c06ff8a33aec41a to remote] wire:73 - http-outgoing-0 >> "Content-Length: 50[\r][\n]"
2020-10-23 12:56:11,285 DEBUG [Forwarding findElement on session c00338ce21fded689c06ff8a33aec41a to remote] wire:73 - http-outgoing-0 >> "Host: localhost:26397[\r][\n]"
2020-10-23 12:56:11,286 DEBUG [Forwarding findElement on session c00338ce21fded689c06ff8a33aec41a to remote] wire:73 - http-outgoing-0 >> "Connection: Keep-Alive[\r][\n]"
2020-10-23 12:56:11,286 DEBUG [Forwarding findElement on session c00338ce21fded689c06ff8a33aec41a to remote] wire:73 - http-outgoing-0 >> "User-Agent: Apache-HttpClient/4.5.3 (Java/1.8.0_101)[\r][\n]"
2020-10-23 12:56:11,287 DEBUG [Forwarding findElement on session c00338ce21fded689c06ff8a33aec41a to remote] wire:73 - http-outgoing-0 >> "Accept-Encoding: gzip,deflate[\r][\n]"
2020-10-23 12:56:11,287 DEBUG [Forwarding findElement on session c00338ce21fded689c06ff8a33aec41a to remote] wire:73 - http-outgoing-0 >> "[\r][\n]"
2020-10-23 12:56:11,318 DEBUG [Forwarding findElement on session c00338ce21fded689c06ff8a33aec41a to remote] wire:87 - http-outgoing-0 >> "{"value":"*[name='email']","using":"css selector"}"
2020-10-23 12:56:11,357 DEBUG [Forwarding findElement on session c00338ce21fded689c06ff8a33aec41a to remote] wire:73 - http-outgoing-0 << "HTTP/1.1 200 OK[\r][\n]"
2020-10-23 12:56:11,358 DEBUG [Forwarding findElement on session c00338ce21fded689c06ff8a33aec41a to remote] wire:73 - http-outgoing-0 << "Content-Length:88[\r][\n]"
2020-10-23 12:56:11,358 DEBUG [Forwarding findElement on session c00338ce21fded689c06ff8a33aec41a to remote] wire:73 - http-outgoing-0 << "Content-Type:application/json; charset=utf-8[\r][\n]"
2020-10-23 12:56:11,359 DEBUG [Forwarding findElement on session c00338ce21fded689c06ff8a33aec41a to remote] wire:73 - http-outgoing-0 << "cache-control:no-cache[\r][\n]"
2020-10-23 12:56:11,359 DEBUG [Forwarding findElement on session c00338ce21fded689c06ff8a33aec41a to remote] wire:73 - http-outgoing-0 << "[\r][\n]"
2020-10-23 12:56:11,359 DEBUG [Forwarding findElement on session c00338ce21fded689c06ff8a33aec41a to remote] wire:87 - http-outgoing-0 << "{"value":{"element-6066-11e4-a52e-4f735466cecf":"c056261e-e85b-4cb9-b4f9-65bb1440096b"}}"
2020-10-23 12:56:11,360 DEBUG [Forwarding findElement on session c00338ce21fded689c06ff8a33aec41a to remote] headers:122 - http-outgoing-0 << HTTP/1.1 200 OK
2020-10-23 12:56:11,360 DEBUG [Forwarding findElement on session c00338ce21fded689c06ff8a33aec41a to remote] headers:125 - http-outgoing-0 << Content-Length:88
2020-10-23 12:56:11,361 DEBUG [Forwarding findElement on session c00338ce21fded689c06ff8a33aec41a to remote] headers:125 - http-outgoing-0 << Content-Type:application/json; charset=utf-8
2020-10-23 12:56:11,361 DEBUG [Forwarding findElement on session c00338ce21fded689c06ff8a33aec41a to remote] headers:125 - http-outgoing-0 << cache-control:no-cache
2020-10-23 12:56:11,361 DEBUG [Forwarding findElement on session c00338ce21fded689c06ff8a33aec41a to remote] MainClientExec:285 - Connection can be kept alive indefinitely
2020-10-23 12:56:11,362 DEBUG [Forwarding findElement on session c00338ce21fded689c06ff8a33aec41a to remote] PoolingHttpClientConnectionManager:320 - Connection [id: 0][route: {}->http://localhost:26397] can be kept alive indefinitely
2020-10-23 12:56:11,362 DEBUG [Forwarding findElement on session c00338ce21fded689c06ff8a33aec41a to remote] PoolingHttpClientConnectionManager:326 - Connection released: [id: 0][route: {}->http://localhost:26397][total kept alive: 1; route allocated: 1 of 2000; total allocated: 1 of 2000]
2020-10-23 12:56:11,387 DEBUG [Forwarding sendKeysToElement on session c00338ce21fded689c06ff8a33aec41a to remote] RequestAddCookies:123 - CookieSpec selected: default
2020-10-23 12:56:11,388 DEBUG [Forwarding sendKeysToElement on session c00338ce21fded689c06ff8a33aec41a to remote] RequestAuthCache:77 - Auth cache not set in the context
2020-10-23 12:56:11,389 DEBUG [Forwarding sendKeysToElement on session c00338ce21fded689c06ff8a33aec41a to remote] PoolingHttpClientConnectionManager:255 - Connection request: [route: {}->http://localhost:26397][total kept alive: 1; route allocated: 1 of 2000; total allocated: 1 of 2000]
2020-10-23 12:56:11,390 DEBUG [Forwarding sendKeysToElement on session c00338ce21fded689c06ff8a33aec41a to remote] PoolingHttpClientConnectionManager:288 - Connection leased: [id: 0][route: {}->http://localhost:26397][total kept alive: 0; route allocated: 1 of 2000; total allocated: 1 of 2000]
2020-10-23 12:56:11,390 DEBUG [Forwarding sendKeysToElement on session c00338ce21fded689c06ff8a33aec41a to remote] MainClientExec:208 - Stale connection check
2020-10-23 12:56:11,393 DEBUG [Forwarding sendKeysToElement on session c00338ce21fded689c06ff8a33aec41a to remote] wire:87 - http-outgoing-0 << "[read] I/O error: Read timed out"
2020-10-23 12:56:11,393 DEBUG [Forwarding sendKeysToElement on session c00338ce21fded689c06ff8a33aec41a to remote] DefaultManagedHttpClientConnection:88 - http-outgoing-0: set socket timeout to 10800000
2020-10-23 12:56:11,394 DEBUG [Forwarding sendKeysToElement on session c00338ce21fded689c06ff8a33aec41a to remote] MainClientExec:256 - Executing request POST /session/c00338ce21fded689c06ff8a33aec41a/element/c056261e-e85b-4cb9-b4f9-65bb1440096b/value HTTP/1.1
2020-10-23 12:56:11,395 DEBUG [Forwarding sendKeysToElement on session c00338ce21fded689c06ff8a33aec41a to remote] MainClientExec:261 - Target auth state: UNCHALLENGED
2020-10-23 12:56:11,395 DEBUG [Forwarding sendKeysToElement on session c00338ce21fded689c06ff8a33aec41a to remote] MainClientExec:267 - Proxy auth state: UNCHALLENGED
2020-10-23 12:56:11,396 DEBUG [Forwarding sendKeysToElement on session c00338ce21fded689c06ff8a33aec41a to remote] headers:133 - http-outgoing-0 >> POST /session/c00338ce21fded689c06ff8a33aec41a/element/c056261e-e85b-4cb9-b4f9-65bb1440096b/value HTTP/1.1
2020-10-23 12:56:11,398 DEBUG [Forwarding sendKeysToElement on session c00338ce21fded689c06ff8a33aec41a to remote] headers:136 - http-outgoing-0 >> Content-Type: application/json; charset=utf-8
2020-10-23 12:56:11,400 DEBUG [Forwarding sendKeysToElement on session c00338ce21fded689c06ff8a33aec41a to remote] headers:136 - http-outgoing-0 >> Content-Length: 185
2020-10-23 12:56:11,400 DEBUG [Forwarding sendKeysToElement on session c00338ce21fded689c06ff8a33aec41a to remote] headers:136 - http-outgoing-0 >> Host: localhost:26397
2020-10-23 12:56:11,401 DEBUG [Forwarding sendKeysToElement on session c00338ce21fded689c06ff8a33aec41a to remote] headers:136 - http-outgoing-0 >> Connection: Keep-Alive
2020-10-23 12:56:11,401 DEBUG [Forwarding sendKeysToElement on session c00338ce21fded689c06ff8a33aec41a to remote] headers:136 - http-outgoing-0 >> User-Agent: Apache-HttpClient/4.5.3 (Java/1.8.0_101)
2020-10-23 12:56:11,402 DEBUG [Forwarding sendKeysToElement on session c00338ce21fded689c06ff8a33aec41a to remote] headers:136 - http-outgoing-0 >> Accept-Encoding: gzip,deflate
2020-10-23 12:56:11,402 DEBUG [Forwarding sendKeysToElement on session c00338ce21fded689c06ff8a33aec41a to remote] wire:73 - http-outgoing-0 >> "POST /session/c00338ce21fded689c06ff8a33aec41a/element/c056261e-e85b-4cb9-b4f9-65bb1440096b/value HTTP/1.1[\r][\n]"
2020-10-23 12:56:11,402 DEBUG [Forwarding sendKeysToElement on session c00338ce21fded689c06ff8a33aec41a to remote] wire:73 - http-outgoing-0 >> "Content-Type: application/json; charset=utf-8[\r][\n]"
2020-10-23 12:56:11,403 DEBUG [Forwarding sendKeysToElement on session c00338ce21fded689c06ff8a33aec41a to remote] wire:73 - http-outgoing-0 >> "Content-Length: 185[\r][\n]"
2020-10-23 12:56:11,403 DEBUG [Forwarding sendKeysToElement on session c00338ce21fded689c06ff8a33aec41a to remote] wire:73 - http-outgoing-0 >> "Host: localhost:26397[\r][\n]"
2020-10-23 12:56:11,403 DEBUG [Forwarding sendKeysToElement on session c00338ce21fded689c06ff8a33aec41a to remote] wire:73 - http-outgoing-0 >> "Connection: Keep-Alive[\r][\n]"
2020-10-23 12:56:11,404 DEBUG [Forwarding sendKeysToElement on session c00338ce21fded689c06ff8a33aec41a to remote] wire:73 - http-outgoing-0 >> "User-Agent: Apache-HttpClient/4.5.3 (Java/1.8.0_101)[\r][\n]"
2020-10-23 12:56:11,404 DEBUG [Forwarding sendKeysToElement on session c00338ce21fded689c06ff8a33aec41a to remote] wire:73 - http-outgoing-0 >> "Accept-Encoding: gzip,deflate[\r][\n]"
2020-10-23 12:56:11,404 DEBUG [Forwarding sendKeysToElement on session c00338ce21fded689c06ff8a33aec41a to remote] wire:73 - http-outgoing-0 >> "[\r][\n]"
2020-10-23 12:56:11,405 DEBUG [Forwarding sendKeysToElement on session c00338ce21fded689c06ff8a33aec41a to remote] wire:87 - http-outgoing-0 >> "{"id":"c056261e-e85b-4cb9-b4f9-65bb1440096b","text":"suchitakadge35@gmail.com","value":["s","u","c","h","i","t","a","k","a","d","g","e","3","5","@","g","m","a","i","l",".","c","o","m"]}"
2020-10-23 12:56:11,747 DEBUG [Forwarding sendKeysToElement on session c00338ce21fded689c06ff8a33aec41a to remote] wire:73 - http-outgoing-0 << "HTTP/1.1 200 OK[\r][\n]"
2020-10-23 12:56:11,747 DEBUG [Forwarding sendKeysToElement on session c00338ce21fded689c06ff8a33aec41a to remote] wire:73 - http-outgoing-0 << "Content-Length:14[\r][\n]"
2020-10-23 12:56:11,747 DEBUG [Forwarding sendKeysToElement on session c00338ce21fded689c06ff8a33aec41a to remote] wire:73 - http-outgoing-0 << "Content-Type:application/json; charset=utf-8[\r][\n]"
2020-10-23 12:56:11,748 DEBUG [Forwarding sendKeysToElement on session c00338ce21fded689c06ff8a33aec41a to remote] wire:73 - http-outgoing-0 << "cache-control:no-cache[\r][\n]"
2020-10-23 12:56:11,748 DEBUG [Forwarding sendKeysToElement on session c00338ce21fded689c06ff8a33aec41a to remote] wire:73 - http-outgoing-0 << "[\r][\n]"
2020-10-23 12:56:11,748 DEBUG [Forwarding sendKeysToElement on session c00338ce21fded689c06ff8a33aec41a to remote] wire:87 - http-outgoing-0 << "{"value":null}"
2020-10-23 12:56:11,748 DEBUG [Forwarding sendKeysToElement on session c00338ce21fded689c06ff8a33aec41a to remote] headers:122 - http-outgoing-0 << HTTP/1.1 200 OK
2020-10-23 12:56:11,749 DEBUG [Forwarding sendKeysToElement on session c00338ce21fded689c06ff8a33aec41a to remote] headers:125 - http-outgoing-0 << Content-Length:14
2020-10-23 12:56:11,749 DEBUG [Forwarding sendKeysToElement on session c00338ce21fded689c06ff8a33aec41a to remote] headers:125 - http-outgoing-0 << Content-Type:application/json; charset=utf-8
2020-10-23 12:56:11,749 DEBUG [Forwarding sendKeysToElement on session c00338ce21fded689c06ff8a33aec41a to remote] headers:125 - http-outgoing-0 << cache-control:no-cache
2020-10-23 12:56:11,749 DEBUG [Forwarding sendKeysToElement on session c00338ce21fded689c06ff8a33aec41a to remote] MainClientExec:285 - Connection can be kept alive indefinitely
2020-10-23 12:56:11,750 DEBUG [Forwarding sendKeysToElement on session c00338ce21fded689c06ff8a33aec41a to remote] PoolingHttpClientConnectionManager:320 - Connection [id: 0][route: {}->http://localhost:26397] can be kept alive indefinitely
2020-10-23 12:56:11,750 DEBUG [Forwarding sendKeysToElement on session c00338ce21fded689c06ff8a33aec41a to remote] PoolingHttpClientConnectionManager:326 - Connection released: [id: 0][route: {}->http://localhost:26397][total kept alive: 1; route allocated: 1 of 2000; total allocated: 1 of 2000]
2020-10-23 12:56:11,752 DEBUG [Forwarding findElement on session c00338ce21fded689c06ff8a33aec41a to remote] RequestAddCookies:123 - CookieSpec selected: default
2020-10-23 12:56:11,753 DEBUG [Forwarding findElement on session c00338ce21fded689c06ff8a33aec41a to remote] RequestAuthCache:77 - Auth cache not set in the context
2020-10-23 12:56:11,753 DEBUG [Forwarding findElement on session c00338ce21fded689c06ff8a33aec41a to remote] PoolingHttpClientConnectionManager:255 - Connection request: [route: {}->http://localhost:26397][total kept alive: 1; route allocated: 1 of 2000; total allocated: 1 of 2000]
2020-10-23 12:56:11,754 DEBUG [Forwarding findElement on session c00338ce21fded689c06ff8a33aec41a to remote] PoolingHttpClientConnectionManager:288 - Connection leased: [id: 0][route: {}->http://localhost:26397][total kept alive: 0; route allocated: 1 of 2000; total allocated: 1 of 2000]
2020-10-23 12:56:11,754 DEBUG [Forwarding findElement on session c00338ce21fded689c06ff8a33aec41a to remote] MainClientExec:208 - Stale connection check
2020-10-23 12:56:11,756 DEBUG [Forwarding findElement on session c00338ce21fded689c06ff8a33aec41a to remote] wire:87 - http-outgoing-0 << "[read] I/O error: Read timed out"
2020-10-23 12:56:11,756 DEBUG [Forwarding findElement on session c00338ce21fded689c06ff8a33aec41a to remote] DefaultManagedHttpClientConnection:88 - http-outgoing-0: set socket timeout to 10800000
2020-10-23 12:56:11,756 DEBUG [Forwarding findElement on session c00338ce21fded689c06ff8a33aec41a to remote] MainClientExec:256 - Executing request POST /session/c00338ce21fded689c06ff8a33aec41a/element HTTP/1.1
2020-10-23 12:56:11,757 DEBUG [Forwarding findElement on session c00338ce21fded689c06ff8a33aec41a to remote] MainClientExec:261 - Target auth state: UNCHALLENGED
2020-10-23 12:56:11,757 DEBUG [Forwarding findElement on session c00338ce21fded689c06ff8a33aec41a to remote] MainClientExec:267 - Proxy auth state: UNCHALLENGED
2020-10-23 12:56:11,757 DEBUG [Forwarding findElement on session c00338ce21fded689c06ff8a33aec41a to remote] headers:133 - http-outgoing-0 >> POST /session/c00338ce21fded689c06ff8a33aec41a/element HTTP/1.1
2020-10-23 12:56:11,758 DEBUG [Forwarding findElement on session c00338ce21fded689c06ff8a33aec41a to remote] headers:136 - http-outgoing-0 >> Content-Type: application/json; charset=utf-8
2020-10-23 12:56:11,758 DEBUG [Forwarding findElement on session c00338ce21fded689c06ff8a33aec41a to remote] headers:136 - http-outgoing-0 >> Content-Length: 53
2020-10-23 12:56:11,758 DEBUG [Forwarding findElement on session c00338ce21fded689c06ff8a33aec41a to remote] headers:136 - http-outgoing-0 >> Host: localhost:26397
2020-10-23 12:56:11,758 DEBUG [Forwarding findElement on session c00338ce21fded689c06ff8a33aec41a to remote] headers:136 - http-outgoing-0 >> Connection: Keep-Alive
2020-10-23 12:56:11,759 DEBUG [Forwarding findElement on session c00338ce21fded689c06ff8a33aec41a to remote] headers:136 - http-outgoing-0 >> User-Agent: Apache-HttpClient/4.5.3 (Java/1.8.0_101)
2020-10-23 12:56:11,759 DEBUG [Forwarding findElement on session c00338ce21fded689c06ff8a33aec41a to remote] headers:136 - http-outgoing-0 >> Accept-Encoding: gzip,deflate
2020-10-23 12:56:11,759 DEBUG [Forwarding findElement on session c00338ce21fded689c06ff8a33aec41a to remote] wire:73 - http-outgoing-0 >> "POST /session/c00338ce21fded689c06ff8a33aec41a/element HTTP/1.1[\r][\n]"
2020-10-23 12:56:11,759 DEBUG [Forwarding findElement on session c00338ce21fded689c06ff8a33aec41a to remote] wire:73 - http-outgoing-0 >> "Content-Type: application/json; charset=utf-8[\r][\n]"
2020-10-23 12:56:11,760 DEBUG [Forwarding findElement on session c00338ce21fded689c06ff8a33aec41a to remote] wire:73 - http-outgoing-0 >> "Content-Length: 53[\r][\n]"
2020-10-23 12:56:11,760 DEBUG [Forwarding findElement on session c00338ce21fded689c06ff8a33aec41a to remote] wire:73 - http-outgoing-0 >> "Host: localhost:26397[\r][\n]"
2020-10-23 12:56:11,760 DEBUG [Forwarding findElement on session c00338ce21fded689c06ff8a33aec41a to remote] wire:73 - http-outgoing-0 >> "Connection: Keep-Alive[\r][\n]"
2020-10-23 12:56:11,760 DEBUG [Forwarding findElement on session c00338ce21fded689c06ff8a33aec41a to remote] wire:73 - http-outgoing-0 >> "User-Agent: Apache-HttpClient/4.5.3 (Java/1.8.0_101)[\r][\n]"
2020-10-23 12:56:11,761 DEBUG [Forwarding findElement on session c00338ce21fded689c06ff8a33aec41a to remote] wire:73 - http-outgoing-0 >> "Accept-Encoding: gzip,deflate[\r][\n]"
2020-10-23 12:56:11,761 DEBUG [Forwarding findElement on session c00338ce21fded689c06ff8a33aec41a to remote] wire:73 - http-outgoing-0 >> "[\r][\n]"
2020-10-23 12:56:11,761 DEBUG [Forwarding findElement on session c00338ce21fded689c06ff8a33aec41a to remote] wire:87 - http-outgoing-0 >> "{"value":"*[name='password']","using":"css selector"}"
2020-10-23 12:56:11,780 DEBUG [Forwarding findElement on session c00338ce21fded689c06ff8a33aec41a to remote] wire:73 - http-outgoing-0 << "HTTP/1.1 200 OK[\r][\n]"
2020-10-23 12:56:11,780 DEBUG [Forwarding findElement on session c00338ce21fded689c06ff8a33aec41a to remote] wire:73 - http-outgoing-0 << "Content-Length:88[\r][\n]"
2020-10-23 12:56:11,780 DEBUG [Forwarding findElement on session c00338ce21fded689c06ff8a33aec41a to remote] wire:73 - http-outgoing-0 << "Content-Type:application/json; charset=utf-8[\r][\n]"
2020-10-23 12:56:11,781 DEBUG [Forwarding findElement on session c00338ce21fded689c06ff8a33aec41a to remote] wire:73 - http-outgoing-0 << "cache-control:no-cache[\r][\n]"
2020-10-23 12:56:11,781 DEBUG [Forwarding findElement on session c00338ce21fded689c06ff8a33aec41a to remote] wire:73 - http-outgoing-0 << "[\r][\n]"
2020-10-23 12:56:11,781 DEBUG [Forwarding findElement on session c00338ce21fded689c06ff8a33aec41a to remote] wire:87 - http-outgoing-0 << "{"value":{"element-6066-11e4-a52e-4f735466cecf":"e9b8a6f8-c334-4cc8-99d6-e1a828fe2d2a"}}"
2020-10-23 12:56:11,781 DEBUG [Forwarding findElement on session c00338ce21fded689c06ff8a33aec41a to remote] headers:122 - http-outgoing-0 << HTTP/1.1 200 OK
2020-10-23 12:56:11,782 DEBUG [Forwarding findElement on session c00338ce21fded689c06ff8a33aec41a to remote] headers:125 - http-outgoing-0 << Content-Length:88
2020-10-23 12:56:11,782 DEBUG [Forwarding findElement on session c00338ce21fded689c06ff8a33aec41a to remote] headers:125 - http-outgoing-0 << Content-Type:application/json; charset=utf-8
2020-10-23 12:56:11,782 DEBUG [Forwarding findElement on session c00338ce21fded689c06ff8a33aec41a to remote] headers:125 - http-outgoing-0 << cache-control:no-cache
2020-10-23 12:56:11,782 DEBUG [Forwarding findElement on session c00338ce21fded689c06ff8a33aec41a to remote] MainClientExec:285 - Connection can be kept alive indefinitely
2020-10-23 12:56:11,783 DEBUG [Forwarding findElement on session c00338ce21fded689c06ff8a33aec41a to remote] PoolingHttpClientConnectionManager:320 - Connection [id: 0][route: {}->http://localhost:26397] can be kept alive indefinitely
2020-10-23 12:56:11,783 DEBUG [Forwarding findElement on session c00338ce21fded689c06ff8a33aec41a to remote] PoolingHttpClientConnectionManager:326 - Connection released: [id: 0][route: {}->http://localhost:26397][total kept alive: 1; route allocated: 1 of 2000; total allocated: 1 of 2000]
2020-10-23 12:56:11,786 DEBUG [Forwarding sendKeysToElement on session c00338ce21fded689c06ff8a33aec41a to remote] RequestAddCookies:123 - CookieSpec selected: default
2020-10-23 12:56:11,787 DEBUG [Forwarding sendKeysToElement on session c00338ce21fded689c06ff8a33aec41a to remote] RequestAuthCache:77 - Auth cache not set in the context
2020-10-23 12:56:11,787 DEBUG [Forwarding sendKeysToElement on session c00338ce21fded689c06ff8a33aec41a to remote] PoolingHttpClientConnectionManager:255 - Connection request: [route: {}->http://localhost:26397][total kept alive: 1; route allocated: 1 of 2000; total allocated: 1 of 2000]
2020-10-23 12:56:11,787 DEBUG [Forwarding sendKeysToElement on session c00338ce21fded689c06ff8a33aec41a to remote] PoolingHttpClientConnectionManager:288 - Connection leased: [id: 0][route: {}->http://localhost:26397][total kept alive: 0; route allocated: 1 of 2000; total allocated: 1 of 2000]
2020-10-23 12:56:11,787 DEBUG [Forwarding sendKeysToElement on session c00338ce21fded689c06ff8a33aec41a to remote] MainClientExec:208 - Stale connection check
2020-10-23 12:56:11,790 DEBUG [Forwarding sendKeysToElement on session c00338ce21fded689c06ff8a33aec41a to remote] wire:87 - http-outgoing-0 << "[read] I/O error: Read timed out"
2020-10-23 12:56:11,790 DEBUG [Forwarding sendKeysToElement on session c00338ce21fded689c06ff8a33aec41a to remote] DefaultManagedHttpClientConnection:88 - http-outgoing-0: set socket timeout to 10800000
2020-10-23 12:56:11,791 DEBUG [Forwarding sendKeysToElement on session c00338ce21fded689c06ff8a33aec41a to remote] MainClientExec:256 - Executing request POST /session/c00338ce21fded689c06ff8a33aec41a/element/e9b8a6f8-c334-4cc8-99d6-e1a828fe2d2a/value HTTP/1.1
2020-10-23 12:56:11,791 DEBUG [Forwarding sendKeysToElement on session c00338ce21fded689c06ff8a33aec41a to remote] MainClientExec:261 - Target auth state: UNCHALLENGED
2020-10-23 12:56:11,791 DEBUG [Forwarding sendKeysToElement on session c00338ce21fded689c06ff8a33aec41a to remote] MainClientExec:267 - Proxy auth state: UNCHALLENGED
2020-10-23 12:56:11,792 DEBUG [Forwarding sendKeysToElement on session c00338ce21fded689c06ff8a33aec41a to remote] headers:133 - http-outgoing-0 >> POST /session/c00338ce21fded689c06ff8a33aec41a/element/e9b8a6f8-c334-4cc8-99d6-e1a828fe2d2a/value HTTP/1.1
2020-10-23 12:56:11,792 DEBUG [Forwarding sendKeysToElement on session c00338ce21fded689c06ff8a33aec41a to remote] headers:136 - http-outgoing-0 >> Content-Type: application/json; charset=utf-8
2020-10-23 12:56:11,793 DEBUG [Forwarding sendKeysToElement on session c00338ce21fded689c06ff8a33aec41a to remote] headers:136 - http-outgoing-0 >> Content-Length: 125
2020-10-23 12:56:11,793 DEBUG [Forwarding sendKeysToElement on session c00338ce21fded689c06ff8a33aec41a to remote] headers:136 - http-outgoing-0 >> Host: localhost:26397
2020-10-23 12:56:11,793 DEBUG [Forwarding sendKeysToElement on session c00338ce21fded689c06ff8a33aec41a to remote] headers:136 - http-outgoing-0 >> Connection: Keep-Alive
2020-10-23 12:56:11,794 DEBUG [Forwarding sendKeysToElement on session c00338ce21fded689c06ff8a33aec41a to remote] headers:136 - http-outgoing-0 >> User-Agent: Apache-HttpClient/4.5.3 (Java/1.8.0_101)
2020-10-23 12:56:11,794 DEBUG [Forwarding sendKeysToElement on session c00338ce21fded689c06ff8a33aec41a to remote] headers:136 - http-outgoing-0 >> Accept-Encoding: gzip,deflate
2020-10-23 12:56:11,794 DEBUG [Forwarding sendKeysToElement on session c00338ce21fded689c06ff8a33aec41a to remote] wire:73 - http-outgoing-0 >> "POST /session/c00338ce21fded689c06ff8a33aec41a/element/e9b8a6f8-c334-4cc8-99d6-e1a828fe2d2a/value HTTP/1.1[\r][\n]"
2020-10-23 12:56:11,794 DEBUG [Forwarding sendKeysToElement on session c00338ce21fded689c06ff8a33aec41a to remote] wire:73 - http-outgoing-0 >> "Content-Type: application/json; charset=utf-8[\r][\n]"
2020-10-23 12:56:11,795 DEBUG [Forwarding sendKeysToElement on session c00338ce21fded689c06ff8a33aec41a to remote] wire:73 - http-outgoing-0 >> "Content-Length: 125[\r][\n]"
2020-10-23 12:56:11,795 DEBUG [Forwarding sendKeysToElement on session c00338ce21fded689c06ff8a33aec41a to remote] wire:73 - http-outgoing-0 >> "Host: localhost:26397[\r][\n]"
2020-10-23 12:56:11,795 DEBUG [Forwarding sendKeysToElement on session c00338ce21fded689c06ff8a33aec41a to remote] wire:73 - http-outgoing-0 >> "Connection: Keep-Alive[\r][\n]"
2020-10-23 12:56:11,796 DEBUG [Forwarding sendKeysToElement on session c00338ce21fded689c06ff8a33aec41a to remote] wire:73 - http-outgoing-0 >> "User-Agent: Apache-HttpClient/4.5.3 (Java/1.8.0_101)[\r][\n]"
2020-10-23 12:56:11,796 DEBUG [Forwarding sendKeysToElement on session c00338ce21fded689c06ff8a33aec41a to remote] wire:73 - http-outgoing-0 >> "Accept-Encoding: gzip,deflate[\r][\n]"
2020-10-23 12:56:11,796 DEBUG [Forwarding sendKeysToElement on session c00338ce21fded689c06ff8a33aec41a to remote] wire:73 - http-outgoing-0 >> "[\r][\n]"
2020-10-23 12:56:11,796 DEBUG [Forwarding sendKeysToElement on session c00338ce21fded689c06ff8a33aec41a to remote] wire:87 - http-outgoing-0 >> "{"id":"e9b8a6f8-c334-4cc8-99d6-e1a828fe2d2a","text":"Sonupriyal35","value":["S","o","n","u","p","r","i","y","a","l","3","5"]}"
2020-10-23 12:56:11,998 DEBUG [Forwarding sendKeysToElement on session c00338ce21fded689c06ff8a33aec41a to remote] wire:73 - http-outgoing-0 << "HTTP/1.1 200 OK[\r][\n]"
2020-10-23 12:56:11,999 DEBUG [Forwarding sendKeysToElement on session c00338ce21fded689c06ff8a33aec41a to remote] wire:73 - http-outgoing-0 << "Content-Length:14[\r][\n]"
2020-10-23 12:56:11,999 DEBUG [Forwarding sendKeysToElement on session c00338ce21fded689c06ff8a33aec41a to remote] wire:73 - http-outgoing-0 << "Content-Type:application/json; charset=utf-8[\r][\n]"
2020-10-23 12:56:11,999 DEBUG [Forwarding sendKeysToElement on session c00338ce21fded689c06ff8a33aec41a to remote] wire:73 - http-outgoing-0 << "cache-control:no-cache[\r][\n]"
2020-10-23 12:56:12,000 DEBUG [Forwarding sendKeysToElement on session c00338ce21fded689c06ff8a33aec41a to remote] wire:73 - http-outgoing-0 << "[\r][\n]"
2020-10-23 12:56:12,000 DEBUG [Forwarding sendKeysToElement on session c00338ce21fded689c06ff8a33aec41a to remote] wire:87 - http-outgoing-0 << "{"value":null}"
2020-10-23 12:56:12,001 DEBUG [Forwarding sendKeysToElement on session c00338ce21fded689c06ff8a33aec41a to remote] headers:122 - http-outgoing-0 << HTTP/1.1 200 OK
2020-10-23 12:56:12,001 DEBUG [Forwarding sendKeysToElement on session c00338ce21fded689c06ff8a33aec41a to remote] headers:125 - http-outgoing-0 << Content-Length:14
2020-10-23 12:56:12,001 DEBUG [Forwarding sendKeysToElement on session c00338ce21fded689c06ff8a33aec41a to remote] headers:125 - http-outgoing-0 << Content-Type:application/json; charset=utf-8
2020-10-23 12:56:12,002 DEBUG [Forwarding sendKeysToElement on session c00338ce21fded689c06ff8a33aec41a to remote] headers:125 - http-outgoing-0 << cache-control:no-cache
2020-10-23 12:56:12,002 DEBUG [Forwarding sendKeysToElement on session c00338ce21fded689c06ff8a33aec41a to remote] MainClientExec:285 - Connection can be kept alive indefinitely
2020-10-23 12:56:12,002 DEBUG [Forwarding sendKeysToElement on session c00338ce21fded689c06ff8a33aec41a to remote] PoolingHttpClientConnectionManager:320 - Connection [id: 0][route: {}->http://localhost:26397] can be kept alive indefinitely
2020-10-23 12:56:12,003 DEBUG [Forwarding sendKeysToElement on session c00338ce21fded689c06ff8a33aec41a to remote] PoolingHttpClientConnectionManager:326 - Connection released: [id: 0][route: {}->http://localhost:26397][total kept alive: 1; route allocated: 1 of 2000; total allocated: 1 of 2000]
2020-10-23 12:56:12,006 DEBUG [Forwarding findElement on session c00338ce21fded689c06ff8a33aec41a to remote] RequestAddCookies:123 - CookieSpec selected: default
2020-10-23 12:56:12,007 DEBUG [Forwarding findElement on session c00338ce21fded689c06ff8a33aec41a to remote] RequestAuthCache:77 - Auth cache not set in the context
2020-10-23 12:56:12,009 DEBUG [Forwarding findElement on session c00338ce21fded689c06ff8a33aec41a to remote] PoolingHttpClientConnectionManager:255 - Connection request: [route: {}->http://localhost:26397][total kept alive: 1; route allocated: 1 of 2000; total allocated: 1 of 2000]
2020-10-23 12:56:12,009 DEBUG [Forwarding findElement on session c00338ce21fded689c06ff8a33aec41a to remote] PoolingHttpClientConnectionManager:288 - Connection leased: [id: 0][route: {}->http://localhost:26397][total kept alive: 0; route allocated: 1 of 2000; total allocated: 1 of 2000]
2020-10-23 12:56:12,010 DEBUG [Forwarding findElement on session c00338ce21fded689c06ff8a33aec41a to remote] MainClientExec:208 - Stale connection check
2020-10-23 12:56:12,012 DEBUG [Forwarding findElement on session c00338ce21fded689c06ff8a33aec41a to remote] wire:87 - http-outgoing-0 << "[read] I/O error: Read timed out"
2020-10-23 12:56:12,012 DEBUG [Forwarding findElement on session c00338ce21fded689c06ff8a33aec41a to remote] DefaultManagedHttpClientConnection:88 - http-outgoing-0: set socket timeout to 10800000
2020-10-23 12:56:12,028 DEBUG [Forwarding findElement on session c00338ce21fded689c06ff8a33aec41a to remote] MainClientExec:256 - Executing request POST /session/c00338ce21fded689c06ff8a33aec41a/element HTTP/1.1
2020-10-23 12:56:12,028 DEBUG [Forwarding findElement on session c00338ce21fded689c06ff8a33aec41a to remote] MainClientExec:261 - Target auth state: UNCHALLENGED
2020-10-23 12:56:12,028 DEBUG [Forwarding findElement on session c00338ce21fded689c06ff8a33aec41a to remote] MainClientExec:267 - Proxy auth state: UNCHALLENGED
2020-10-23 12:56:12,029 DEBUG [Forwarding findElement on session c00338ce21fded689c06ff8a33aec41a to remote] headers:133 - http-outgoing-0 >> POST /session/c00338ce21fded689c06ff8a33aec41a/element HTTP/1.1
2020-10-23 12:56:12,029 DEBUG [Forwarding findElement on session c00338ce21fded689c06ff8a33aec41a to remote] headers:136 - http-outgoing-0 >> Content-Type: application/json; charset=utf-8
2020-10-23 12:56:12,029 DEBUG [Forwarding findElement on session c00338ce21fded689c06ff8a33aec41a to remote] headers:136 - http-outgoing-0 >> Content-Length: 49
2020-10-23 12:56:12,029 DEBUG [Forwarding findElement on session c00338ce21fded689c06ff8a33aec41a to remote] headers:136 - http-outgoing-0 >> Host: localhost:26397
2020-10-23 12:56:12,030 DEBUG [Forwarding findElement on session c00338ce21fded689c06ff8a33aec41a to remote] headers:136 - http-outgoing-0 >> Connection: Keep-Alive
2020-10-23 12:56:12,030 DEBUG [Forwarding findElement on session c00338ce21fded689c06ff8a33aec41a to remote] headers:136 - http-outgoing-0 >> User-Agent: Apache-HttpClient/4.5.3 (Java/1.8.0_101)
2020-10-23 12:56:12,030 DEBUG [Forwarding findElement on session c00338ce21fded689c06ff8a33aec41a to remote] headers:136 - http-outgoing-0 >> Accept-Encoding: gzip,deflate
2020-10-23 12:56:12,030 DEBUG [Forwarding findElement on session c00338ce21fded689c06ff8a33aec41a to remote] wire:73 - http-outgoing-0 >> "POST /session/c00338ce21fded689c06ff8a33aec41a/element HTTP/1.1[\r][\n]"
2020-10-23 12:56:12,031 DEBUG [Forwarding findElement on session c00338ce21fded689c06ff8a33aec41a to remote] wire:73 - http-outgoing-0 >> "Content-Type: application/json; charset=utf-8[\r][\n]"
2020-10-23 12:56:12,031 DEBUG [Forwarding findElement on session c00338ce21fded689c06ff8a33aec41a to remote] wire:73 - http-outgoing-0 >> "Content-Length: 49[\r][\n]"
2020-10-23 12:56:12,031 DEBUG [Forwarding findElement on session c00338ce21fded689c06ff8a33aec41a to remote] wire:73 - http-outgoing-0 >> "Host: localhost:26397[\r][\n]"
2020-10-23 12:56:12,031 DEBUG [Forwarding findElement on session c00338ce21fded689c06ff8a33aec41a to remote] wire:73 - http-outgoing-0 >> "Connection: Keep-Alive[\r][\n]"
2020-10-23 12:56:12,032 DEBUG [Forwarding findElement on session c00338ce21fded689c06ff8a33aec41a to remote] wire:73 - http-outgoing-0 >> "User-Agent: Apache-HttpClient/4.5.3 (Java/1.8.0_101)[\r][\n]"
2020-10-23 12:56:12,032 DEBUG [Forwarding findElement on session c00338ce21fded689c06ff8a33aec41a to remote] wire:73 - http-outgoing-0 >> "Accept-Encoding: gzip,deflate[\r][\n]"
2020-10-23 12:56:12,032 DEBUG [Forwarding findElement on session c00338ce21fded689c06ff8a33aec41a to remote] wire:73 - http-outgoing-0 >> "[\r][\n]"
2020-10-23 12:56:12,032 DEBUG [Forwarding findElement on session c00338ce21fded689c06ff8a33aec41a to remote] wire:87 - http-outgoing-0 >> "{"value":"//div[text()='Login']","using":"xpath"}"
2020-10-23 12:56:12,069 DEBUG [Forwarding findElement on session c00338ce21fded689c06ff8a33aec41a to remote] wire:73 - http-outgoing-0 << "HTTP/1.1 200 OK[\r][\n]"
2020-10-23 12:56:12,069 DEBUG [Forwarding findElement on session c00338ce21fded689c06ff8a33aec41a to remote] wire:73 - http-outgoing-0 << "Content-Length:88[\r][\n]"
2020-10-23 12:56:12,070 DEBUG [Forwarding findElement on session c00338ce21fded689c06ff8a33aec41a to remote] wire:73 - http-outgoing-0 << "Content-Type:application/json; charset=utf-8[\r][\n]"
2020-10-23 12:56:12,070 DEBUG [Forwarding findElement on session c00338ce21fded689c06ff8a33aec41a to remote] wire:73 - http-outgoing-0 << "cache-control:no-cache[\r][\n]"
2020-10-23 12:56:12,070 DEBUG [Forwarding findElement on session c00338ce21fded689c06ff8a33aec41a to remote] wire:73 - http-outgoing-0 << "[\r][\n]"
2020-10-23 12:56:12,071 DEBUG [Forwarding findElement on session c00338ce21fded689c06ff8a33aec41a to remote] wire:87 - http-outgoing-0 << "{"value":{"element-6066-11e4-a52e-4f735466cecf":"6ef086bc-525e-42c3-9a06-fdd6dfa1b0a5"}}"
2020-10-23 12:56:12,072 DEBUG [Forwarding findElement on session c00338ce21fded689c06ff8a33aec41a to remote] headers:122 - http-outgoing-0 << HTTP/1.1 200 OK
2020-10-23 12:56:12,072 DEBUG [Forwarding findElement on session c00338ce21fded689c06ff8a33aec41a to remote] headers:125 - http-outgoing-0 << Content-Length:88
2020-10-23 12:56:12,073 DEBUG [Forwarding findElement on session c00338ce21fded689c06ff8a33aec41a to remote] headers:125 - http-outgoing-0 << Content-Type:application/json; charset=utf-8
2020-10-23 12:56:12,073 DEBUG [Forwarding findElement on session c00338ce21fded689c06ff8a33aec41a to remote] headers:125 - http-outgoing-0 << cache-control:no-cache
2020-10-23 12:56:12,073 DEBUG [Forwarding findElement on session c00338ce21fded689c06ff8a33aec41a to remote] MainClientExec:285 - Connection can be kept alive indefinitely
2020-10-23 12:56:12,074 DEBUG [Forwarding findElement on session c00338ce21fded689c06ff8a33aec41a to remote] PoolingHttpClientConnectionManager:320 - Connection [id: 0][route: {}->http://localhost:26397] can be kept alive indefinitely
2020-10-23 12:56:12,074 DEBUG [Forwarding findElement on session c00338ce21fded689c06ff8a33aec41a to remote] PoolingHttpClientConnectionManager:326 - Connection released: [id: 0][route: {}->http://localhost:26397][total kept alive: 1; route allocated: 1 of 2000; total allocated: 1 of 2000]
2020-10-23 12:56:12,081 DEBUG [Forwarding clickElement on session c00338ce21fded689c06ff8a33aec41a to remote] RequestAddCookies:123 - CookieSpec selected: default
2020-10-23 12:56:12,082 DEBUG [Forwarding clickElement on session c00338ce21fded689c06ff8a33aec41a to remote] RequestAuthCache:77 - Auth cache not set in the context
2020-10-23 12:56:12,082 DEBUG [Forwarding clickElement on session c00338ce21fded689c06ff8a33aec41a to remote] PoolingHttpClientConnectionManager:255 - Connection request: [route: {}->http://localhost:26397][total kept alive: 1; route allocated: 1 of 2000; total allocated: 1 of 2000]
2020-10-23 12:56:12,082 DEBUG [Forwarding clickElement on session c00338ce21fded689c06ff8a33aec41a to remote] PoolingHttpClientConnectionManager:288 - Connection leased: [id: 0][route: {}->http://localhost:26397][total kept alive: 0; route allocated: 1 of 2000; total allocated: 1 of 2000]
2020-10-23 12:56:12,083 DEBUG [Forwarding clickElement on session c00338ce21fded689c06ff8a33aec41a to remote] MainClientExec:208 - Stale connection check
2020-10-23 12:56:12,085 DEBUG [Forwarding clickElement on session c00338ce21fded689c06ff8a33aec41a to remote] wire:87 - http-outgoing-0 << "[read] I/O error: Read timed out"
2020-10-23 12:56:12,085 DEBUG [Forwarding clickElement on session c00338ce21fded689c06ff8a33aec41a to remote] DefaultManagedHttpClientConnection:88 - http-outgoing-0: set socket timeout to 10800000
2020-10-23 12:56:12,085 DEBUG [Forwarding clickElement on session c00338ce21fded689c06ff8a33aec41a to remote] MainClientExec:256 - Executing request POST /session/c00338ce21fded689c06ff8a33aec41a/element/6ef086bc-525e-42c3-9a06-fdd6dfa1b0a5/click HTTP/1.1
2020-10-23 12:56:12,086 DEBUG [Forwarding clickElement on session c00338ce21fded689c06ff8a33aec41a to remote] MainClientExec:261 - Target auth state: UNCHALLENGED
2020-10-23 12:56:12,086 DEBUG [Forwarding clickElement on session c00338ce21fded689c06ff8a33aec41a to remote] MainClientExec:267 - Proxy auth state: UNCHALLENGED
2020-10-23 12:56:12,087 DEBUG [Forwarding clickElement on session c00338ce21fded689c06ff8a33aec41a to remote] headers:133 - http-outgoing-0 >> POST /session/c00338ce21fded689c06ff8a33aec41a/element/6ef086bc-525e-42c3-9a06-fdd6dfa1b0a5/click HTTP/1.1
2020-10-23 12:56:12,087 DEBUG [Forwarding clickElement on session c00338ce21fded689c06ff8a33aec41a to remote] headers:136 - http-outgoing-0 >> Content-Type: application/json; charset=utf-8
2020-10-23 12:56:12,087 DEBUG [Forwarding clickElement on session c00338ce21fded689c06ff8a33aec41a to remote] headers:136 - http-outgoing-0 >> Content-Length: 45
2020-10-23 12:56:12,087 DEBUG [Forwarding clickElement on session c00338ce21fded689c06ff8a33aec41a to remote] headers:136 - http-outgoing-0 >> Host: localhost:26397
2020-10-23 12:56:12,088 DEBUG [Forwarding clickElement on session c00338ce21fded689c06ff8a33aec41a to remote] headers:136 - http-outgoing-0 >> Connection: Keep-Alive
2020-10-23 12:56:12,088 DEBUG [Forwarding clickElement on session c00338ce21fded689c06ff8a33aec41a to remote] headers:136 - http-outgoing-0 >> User-Agent: Apache-HttpClient/4.5.3 (Java/1.8.0_101)
2020-10-23 12:56:12,088 DEBUG [Forwarding clickElement on session c00338ce21fded689c06ff8a33aec41a to remote] headers:136 - http-outgoing-0 >> Accept-Encoding: gzip,deflate
2020-10-23 12:56:12,088 DEBUG [Forwarding clickElement on session c00338ce21fded689c06ff8a33aec41a to remote] wire:73 - http-outgoing-0 >> "POST /session/c00338ce21fded689c06ff8a33aec41a/element/6ef086bc-525e-42c3-9a06-fdd6dfa1b0a5/click HTTP/1.1[\r][\n]"
2020-10-23 12:56:12,089 DEBUG [Forwarding clickElement on session c00338ce21fded689c06ff8a33aec41a to remote] wire:73 - http-outgoing-0 >> "Content-Type: application/json; charset=utf-8[\r][\n]"
2020-10-23 12:56:12,089 DEBUG [Forwarding clickElement on session c00338ce21fded689c06ff8a33aec41a to remote] wire:73 - http-outgoing-0 >> "Content-Length: 45[\r][\n]"
2020-10-23 12:56:12,089 DEBUG [Forwarding clickElement on session c00338ce21fded689c06ff8a33aec41a to remote] wire:73 - http-outgoing-0 >> "Host: localhost:26397[\r][\n]"
2020-10-23 12:56:12,090 DEBUG [Forwarding clickElement on session c00338ce21fded689c06ff8a33aec41a to remote] wire:73 - http-outgoing-0 >> "Connection: Keep-Alive[\r][\n]"
2020-10-23 12:56:12,090 DEBUG [Forwarding clickElement on session c00338ce21fded689c06ff8a33aec41a to remote] wire:73 - http-outgoing-0 >> "User-Agent: Apache-HttpClient/4.5.3 (Java/1.8.0_101)[\r][\n]"
2020-10-23 12:56:12,090 DEBUG [Forwarding clickElement on session c00338ce21fded689c06ff8a33aec41a to remote] wire:73 - http-outgoing-0 >> "Accept-Encoding: gzip,deflate[\r][\n]"
2020-10-23 12:56:12,090 DEBUG [Forwarding clickElement on session c00338ce21fded689c06ff8a33aec41a to remote] wire:73 - http-outgoing-0 >> "[\r][\n]"
2020-10-23 12:56:12,091 DEBUG [Forwarding clickElement on session c00338ce21fded689c06ff8a33aec41a to remote] wire:87 - http-outgoing-0 >> "{"id":"6ef086bc-525e-42c3-9a06-fdd6dfa1b0a5"}"
2020-10-23 12:56:12,201 DEBUG [Forwarding clickElement on session c00338ce21fded689c06ff8a33aec41a to remote] wire:73 - http-outgoing-0 << "HTTP/1.1 200 OK[\r][\n]"
2020-10-23 12:56:12,202 DEBUG [Forwarding clickElement on session c00338ce21fded689c06ff8a33aec41a to remote] wire:73 - http-outgoing-0 << "Content-Length:14[\r][\n]"
2020-10-23 12:56:12,202 DEBUG [Forwarding clickElement on session c00338ce21fded689c06ff8a33aec41a to remote] wire:73 - http-outgoing-0 << "Content-Type:application/json; charset=utf-8[\r][\n]"
2020-10-23 12:56:12,203 DEBUG [Forwarding clickElement on session c00338ce21fded689c06ff8a33aec41a to remote] wire:73 - http-outgoing-0 << "cache-control:no-cache[\r][\n]"
2020-10-23 12:56:12,203 DEBUG [Forwarding clickElement on session c00338ce21fded689c06ff8a33aec41a to remote] wire:73 - http-outgoing-0 << "[\r][\n]"
2020-10-23 12:56:12,203 DEBUG [Forwarding clickElement on session c00338ce21fded689c06ff8a33aec41a to remote] wire:87 - http-outgoing-0 << "{"value":null}"
2020-10-23 12:56:12,204 DEBUG [Forwarding clickElement on session c00338ce21fded689c06ff8a33aec41a to remote] headers:122 - http-outgoing-0 << HTTP/1.1 200 OK
2020-10-23 12:56:12,204 DEBUG [Forwarding clickElement on session c00338ce21fded689c06ff8a33aec41a to remote] headers:125 - http-outgoing-0 << Content-Length:14
2020-10-23 12:56:12,204 DEBUG [Forwarding clickElement on session c00338ce21fded689c06ff8a33aec41a to remote] headers:125 - http-outgoing-0 << Content-Type:application/json; charset=utf-8
2020-10-23 12:56:12,205 DEBUG [Forwarding clickElement on session c00338ce21fded689c06ff8a33aec41a to remote] headers:125 - http-outgoing-0 << cache-control:no-cache
2020-10-23 12:56:12,205 DEBUG [Forwarding clickElement on session c00338ce21fded689c06ff8a33aec41a to remote] MainClientExec:285 - Connection can be kept alive indefinitely
2020-10-23 12:56:12,205 DEBUG [Forwarding clickElement on session c00338ce21fded689c06ff8a33aec41a to remote] PoolingHttpClientConnectionManager:320 - Connection [id: 0][route: {}->http://localhost:26397] can be kept alive indefinitely
2020-10-23 12:56:12,206 DEBUG [Forwarding clickElement on session c00338ce21fded689c06ff8a33aec41a to remote] PoolingHttpClientConnectionManager:326 - Connection released: [id: 0][route: {}->http://localhost:26397][total kept alive: 1; route allocated: 1 of 2000; total allocated: 1 of 2000]
2020-10-23 12:56:12,214 DEBUG [Forwarding quit on session c00338ce21fded689c06ff8a33aec41a to remote] RequestAddCookies:123 - CookieSpec selected: default
2020-10-23 12:56:12,215 DEBUG [Forwarding quit on session c00338ce21fded689c06ff8a33aec41a to remote] RequestAuthCache:77 - Auth cache not set in the context
2020-10-23 12:56:12,215 DEBUG [Forwarding quit on session c00338ce21fded689c06ff8a33aec41a to remote] PoolingHttpClientConnectionManager:255 - Connection request: [route: {}->http://localhost:26397][total kept alive: 1; route allocated: 1 of 2000; total allocated: 1 of 2000]
2020-10-23 12:56:12,216 DEBUG [Forwarding quit on session c00338ce21fded689c06ff8a33aec41a to remote] PoolingHttpClientConnectionManager:288 - Connection leased: [id: 0][route: {}->http://localhost:26397][total kept alive: 0; route allocated: 1 of 2000; total allocated: 1 of 2000]
2020-10-23 12:56:12,217 DEBUG [Forwarding quit on session c00338ce21fded689c06ff8a33aec41a to remote] MainClientExec:208 - Stale connection check
2020-10-23 12:56:12,218 DEBUG [Forwarding quit on session c00338ce21fded689c06ff8a33aec41a to remote] wire:87 - http-outgoing-0 << "[read] I/O error: Read timed out"
2020-10-23 12:56:12,218 DEBUG [Forwarding quit on session c00338ce21fded689c06ff8a33aec41a to remote] DefaultManagedHttpClientConnection:88 - http-outgoing-0: set socket timeout to 10800000
2020-10-23 12:56:12,219 DEBUG [Forwarding quit on session c00338ce21fded689c06ff8a33aec41a to remote] MainClientExec:256 - Executing request DELETE /session/c00338ce21fded689c06ff8a33aec41a HTTP/1.1
2020-10-23 12:56:12,219 DEBUG [Forwarding quit on session c00338ce21fded689c06ff8a33aec41a to remote] MainClientExec:261 - Target auth state: UNCHALLENGED
2020-10-23 12:56:12,219 DEBUG [Forwarding quit on session c00338ce21fded689c06ff8a33aec41a to remote] MainClientExec:267 - Proxy auth state: UNCHALLENGED
2020-10-23 12:56:12,219 DEBUG [Forwarding quit on session c00338ce21fded689c06ff8a33aec41a to remote] headers:133 - http-outgoing-0 >> DELETE /session/c00338ce21fded689c06ff8a33aec41a HTTP/1.1
2020-10-23 12:56:12,220 DEBUG [Forwarding quit on session c00338ce21fded689c06ff8a33aec41a to remote] headers:136 - http-outgoing-0 >> Host: localhost:26397
2020-10-23 12:56:12,220 DEBUG [Forwarding quit on session c00338ce21fded689c06ff8a33aec41a to remote] headers:136 - http-outgoing-0 >> Connection: Keep-Alive
2020-10-23 12:56:12,220 DEBUG [Forwarding quit on session c00338ce21fded689c06ff8a33aec41a to remote] headers:136 - http-outgoing-0 >> User-Agent: Apache-HttpClient/4.5.3 (Java/1.8.0_101)
2020-10-23 12:56:12,220 DEBUG [Forwarding quit on session c00338ce21fded689c06ff8a33aec41a to remote] headers:136 - http-outgoing-0 >> Accept-Encoding: gzip,deflate
2020-10-23 12:56:12,221 DEBUG [Forwarding quit on session c00338ce21fded689c06ff8a33aec41a to remote] wire:73 - http-outgoing-0 >> "DELETE /session/c00338ce21fded689c06ff8a33aec41a HTTP/1.1[\r][\n]"
2020-10-23 12:56:12,221 DEBUG [Forwarding quit on session c00338ce21fded689c06ff8a33aec41a to remote] wire:73 - http-outgoing-0 >> "Host: localhost:26397[\r][\n]"
2020-10-23 12:56:12,221 DEBUG [Forwarding quit on session c00338ce21fded689c06ff8a33aec41a to remote] wire:73 - http-outgoing-0 >> "Connection: Keep-Alive[\r][\n]"
2020-10-23 12:56:12,222 DEBUG [Forwarding quit on session c00338ce21fded689c06ff8a33aec41a to remote] wire:73 - http-outgoing-0 >> "User-Agent: Apache-HttpClient/4.5.3 (Java/1.8.0_101)[\r][\n]"
2020-10-23 12:56:12,222 DEBUG [Forwarding quit on session c00338ce21fded689c06ff8a33aec41a to remote] wire:73 - http-outgoing-0 >> "Accept-Encoding: gzip,deflate[\r][\n]"
2020-10-23 12:56:12,222 DEBUG [Forwarding quit on session c00338ce21fded689c06ff8a33aec41a to remote] wire:73 - http-outgoing-0 >> "[\r][\n]"
2020-10-23 12:56:12,508 DEBUG [Forwarding quit on session c00338ce21fded689c06ff8a33aec41a to remote] wire:73 - http-outgoing-0 << "HTTP/1.1 200 OK[\r][\n]"
2020-10-23 12:56:12,509 DEBUG [Forwarding quit on session c00338ce21fded689c06ff8a33aec41a to remote] wire:73 - http-outgoing-0 << "Content-Length:14[\r][\n]"
2020-10-23 12:56:12,509 DEBUG [Forwarding quit on session c00338ce21fded689c06ff8a33aec41a to remote] wire:73 - http-outgoing-0 << "Content-Type:application/json; charset=utf-8[\r][\n]"
2020-10-23 12:56:12,509 DEBUG [Forwarding quit on session c00338ce21fded689c06ff8a33aec41a to remote] wire:73 - http-outgoing-0 << "cache-control:no-cache[\r][\n]"
2020-10-23 12:56:12,510 DEBUG [Forwarding quit on session c00338ce21fded689c06ff8a33aec41a to remote] wire:73 - http-outgoing-0 << "[\r][\n]"
2020-10-23 12:56:12,510 DEBUG [Forwarding quit on session c00338ce21fded689c06ff8a33aec41a to remote] wire:87 - http-outgoing-0 << "{"value":null}"
2020-10-23 12:56:12,511 DEBUG [Forwarding quit on session c00338ce21fded689c06ff8a33aec41a to remote] headers:122 - http-outgoing-0 << HTTP/1.1 200 OK
2020-10-23 12:56:12,511 DEBUG [Forwarding quit on session c00338ce21fded689c06ff8a33aec41a to remote] headers:125 - http-outgoing-0 << Content-Length:14
2020-10-23 12:56:12,511 DEBUG [Forwarding quit on session c00338ce21fded689c06ff8a33aec41a to remote] headers:125 - http-outgoing-0 << Content-Type:application/json; charset=utf-8
2020-10-23 12:56:12,511 DEBUG [Forwarding quit on session c00338ce21fded689c06ff8a33aec41a to remote] headers:125 - http-outgoing-0 << cache-control:no-cache
2020-10-23 12:56:12,512 DEBUG [Forwarding quit on session c00338ce21fded689c06ff8a33aec41a to remote] MainClientExec:285 - Connection can be kept alive indefinitely
2020-10-23 12:56:12,512 DEBUG [Forwarding quit on session c00338ce21fded689c06ff8a33aec41a to remote] PoolingHttpClientConnectionManager:320 - Connection [id: 0][route: {}->http://localhost:26397] can be kept alive indefinitely
2020-10-23 12:56:12,513 DEBUG [Forwarding quit on session c00338ce21fded689c06ff8a33aec41a to remote] PoolingHttpClientConnectionManager:326 - Connection released: [id: 0][route: {}->http://localhost:26397][total kept alive: 1; route allocated: 1 of 2000; total allocated: 1 of 2000]
2020-10-23 12:56:12,515 DEBUG [Forwarding quit on session c00338ce21fded689c06ff8a33aec41a to remote] PoolingHttpClientConnectionManager:407 - Closing connections idle longer than 0 SECONDS
2020-10-23 12:56:12,516 DEBUG [Forwarding quit on session c00338ce21fded689c06ff8a33aec41a to remote] DefaultManagedHttpClientConnection:79 - http-outgoing-0: Close connection
